{"/home/travis/build/npmtest/node-npmtest-ect/test.js":{"path":"/home/travis/build/npmtest/node-npmtest-ect/test.js","s":{"1":2,"2":2,"3":2,"4":2,"5":2,"6":2,"7":2,"8":1,"9":2,"10":2,"11":1,"12":1,"13":1,"14":1,"15":2,"16":2,"17":2,"18":2,"19":1,"20":1,"21":2,"22":2,"23":2,"24":1,"25":1,"26":1,"27":1,"28":1,"29":1,"30":1,"31":1,"32":1,"33":1,"34":1,"35":1,"36":1,"37":2,"38":2,"39":1,"40":2,"41":2,"42":1,"43":2,"44":2,"45":1,"46":2,"47":2,"48":1,"49":1,"50":1,"51":1,"52":1},"b":{"1":[2,1,1,1],"2":[1,1,1,1],"3":[1,1],"4":[1,1],"5":[1,1],"6":[1,1],"7":[1,1],"8":[1,1],"9":[1,1,1],"10":[1,1],"11":[1,1],"12":[1,1],"13":[1,1],"14":[1,1],"15":[1,1],"16":[1,1]},"f":{"1":2,"2":2,"3":2,"4":2,"5":2,"6":1,"7":1,"8":2,"9":2,"10":2,"11":2,"12":1},"fnMap":{"1":{"name":"(anonymous_1)","line":12,"loc":{"start":{"line":12,"column":1},"end":{"line":12,"column":13}}},"2":{"name":"(anonymous_2)","line":19,"loc":{"start":{"line":19,"column":5},"end":{"line":19,"column":17}}},"3":{"name":"(anonymous_3)","line":23,"loc":{"start":{"line":23,"column":24},"end":{"line":23,"column":36}}},"4":{"name":"(anonymous_4)","line":61,"loc":{"start":{"line":61,"column":5},"end":{"line":61,"column":17}}},"5":{"name":"(anonymous_5)","line":82,"loc":{"start":{"line":82,"column":5},"end":{"line":82,"column":17}}},"6":{"name":"(anonymous_6)","line":102,"loc":{"start":{"line":102,"column":83},"end":{"line":105,"column":10}},"skip":true},"7":{"name":"(anonymous_7)","line":113,"loc":{"start":{"line":113,"column":77},"end":{"line":116,"column":10}},"skip":true},"8":{"name":"(anonymous_8)","line":129,"loc":{"start":{"line":129,"column":12},"end":{"line":129,"column":40}},"skip":true},"9":{"name":"(anonymous_9)","line":137,"loc":{"start":{"line":137,"column":77},"end":{"line":140,"column":10}},"skip":true},"10":{"name":"(anonymous_10)","line":148,"loc":{"start":{"line":148,"column":83},"end":{"line":151,"column":10}},"skip":true},"11":{"name":"(anonymous_11)","line":159,"loc":{"start":{"line":159,"column":79},"end":{"line":162,"column":10}},"skip":true},"12":{"name":"(anonymous_12)","line":170,"loc":{"start":{"line":170,"column":75},"end":{"line":173,"column":10}},"skip":true}},"statementMap":{"1":{"start":{"line":12,"column":0},"end":{"line":185,"column":5}},"2":{"start":{"line":14,"column":4},"end":{"line":14,"column":14}},"3":{"start":{"line":19,"column":4},"end":{"line":56,"column":9}},"4":{"start":{"line":21,"column":8},"end":{"line":21,"column":19}},"5":{"start":{"line":23,"column":8},"end":{"line":35,"column":13}},"6":{"start":{"line":24,"column":12},"end":{"line":34,"column":13}},"7":{"start":{"line":25,"column":16},"end":{"line":28,"column":30}},"8":{"start":{"line":30,"column":16},"end":{"line":33,"column":27}},"9":{"start":{"line":37,"column":8},"end":{"line":39,"column":21}},"10":{"start":{"line":40,"column":8},"end":{"line":53,"column":9}},"11":{"start":{"line":43,"column":12},"end":{"line":46,"column":14}},"12":{"start":{"line":47,"column":12},"end":{"line":47,"column":18}},"13":{"start":{"line":50,"column":12},"end":{"line":51,"column":46}},"14":{"start":{"line":52,"column":12},"end":{"line":52,"column":18}},"15":{"start":{"line":55,"column":8},"end":{"line":55,"column":35}},"16":{"start":{"line":61,"column":4},"end":{"line":63,"column":9}},"17":{"start":{"line":62,"column":8},"end":{"line":62,"column":15}},"18":{"start":{"line":64,"column":4},"end":{"line":77,"column":5}},"19":{"start":{"line":70,"column":8},"end":{"line":70,"column":14}},"20":{"start":{"line":76,"column":8},"end":{"line":76,"column":14}},"21":{"start":{"line":82,"column":4},"end":{"line":84,"column":9}},"22":{"start":{"line":83,"column":8},"end":{"line":83,"column":15}},"23":{"start":{"line":85,"column":4},"end":{"line":184,"column":5}},"24":{"start":{"line":92,"column":8},"end":{"line":94,"column":63}},"25":{"start":{"line":95,"column":8},"end":{"line":95,"column":14}},"26":{"start":{"line":102,"column":8},"end":{"line":111,"column":10},"skip":true},"27":{"start":{"line":109,"column":12},"end":{"line":109,"column":55},"skip":true},"28":{"start":{"line":110,"column":12},"end":{"line":110,"column":48},"skip":true},"29":{"start":{"line":113,"column":8},"end":{"line":126,"column":10},"skip":true},"30":{"start":{"line":120,"column":12},"end":{"line":120,"column":76},"skip":true},"31":{"start":{"line":121,"column":12},"end":{"line":121,"column":73},"skip":true},"32":{"start":{"line":122,"column":12},"end":{"line":122,"column":74},"skip":true},"33":{"start":{"line":123,"column":12},"end":{"line":123,"column":79},"skip":true},"34":{"start":{"line":124,"column":12},"end":{"line":124,"column":25},"skip":true},"35":{"start":{"line":125,"column":12},"end":{"line":125,"column":45},"skip":true},"36":{"start":{"line":128,"column":8},"end":{"line":135,"column":14},"skip":true},"37":{"start":{"line":133,"column":16},"end":{"line":133,"column":29},"skip":true},"38":{"start":{"line":134,"column":16},"end":{"line":134,"column":55},"skip":true},"39":{"start":{"line":137,"column":8},"end":{"line":146,"column":10},"skip":true},"40":{"start":{"line":144,"column":12},"end":{"line":144,"column":25},"skip":true},"41":{"start":{"line":145,"column":12},"end":{"line":145,"column":45},"skip":true},"42":{"start":{"line":148,"column":8},"end":{"line":157,"column":10},"skip":true},"43":{"start":{"line":155,"column":12},"end":{"line":155,"column":25},"skip":true},"44":{"start":{"line":156,"column":12},"end":{"line":156,"column":48},"skip":true},"45":{"start":{"line":159,"column":8},"end":{"line":168,"column":10},"skip":true},"46":{"start":{"line":166,"column":12},"end":{"line":166,"column":25},"skip":true},"47":{"start":{"line":167,"column":12},"end":{"line":167,"column":46},"skip":true},"48":{"start":{"line":170,"column":8},"end":{"line":179,"column":10},"skip":true},"49":{"start":{"line":177,"column":12},"end":{"line":177,"column":94},"skip":true},"50":{"start":{"line":178,"column":12},"end":{"line":178,"column":48},"skip":true},"51":{"start":{"line":182,"column":8},"end":{"line":182,"column":35},"skip":true},"52":{"start":{"line":183,"column":8},"end":{"line":183,"column":14},"skip":true}},"branchMap":{"1":{"line":25,"type":"binary-expr","locations":[{"start":{"line":25,"column":23},"end":{"line":25,"column":62}},{"start":{"line":26,"column":20},"end":{"line":26,"column":70}},{"start":{"line":27,"column":20},"end":{"line":27,"column":71}},{"start":{"line":28,"column":20},"end":{"line":28,"column":29}}]},"2":{"line":30,"type":"binary-expr","locations":[{"start":{"line":30,"column":23},"end":{"line":30,"column":37}},{"start":{"line":31,"column":20},"end":{"line":31,"column":61}},{"start":{"line":32,"column":20},"end":{"line":32,"column":70}},{"start":{"line":33,"column":20},"end":{"line":33,"column":26}}]},"3":{"line":37,"type":"cond-expr","locations":[{"start":{"line":38,"column":14},"end":{"line":38,"column":20}},{"start":{"line":39,"column":14},"end":{"line":39,"column":20}}]},"4":{"line":40,"type":"switch","locations":[{"start":{"line":42,"column":8},"end":{"line":47,"column":18}},{"start":{"line":49,"column":8},"end":{"line":52,"column":18}}]},"5":{"line":44,"type":"binary-expr","locations":[{"start":{"line":44,"column":16},"end":{"line":44,"column":44}},{"start":{"line":44,"column":48},"end":{"line":44,"column":66}}]},"6":{"line":50,"type":"binary-expr","locations":[{"start":{"line":50,"column":21},"end":{"line":50,"column":49}},{"start":{"line":50,"column":53},"end":{"line":50,"column":72}}]},"7":{"line":64,"type":"switch","locations":[{"start":{"line":69,"column":4},"end":{"line":70,"column":14}},{"start":{"line":75,"column":4},"end":{"line":76,"column":14}}]},"8":{"line":85,"type":"switch","locations":[{"start":{"line":90,"column":4},"end":{"line":95,"column":14}},{"start":{"line":101,"column":4},"end":{"line":183,"column":14},"skip":true}]},"9":{"line":92,"type":"binary-expr","locations":[{"start":{"line":92,"column":18},"end":{"line":92,"column":32}},{"start":{"line":93,"column":12},"end":{"line":93,"column":53}},{"start":{"line":94,"column":12},"end":{"line":94,"column":61}}]},"10":{"line":102,"type":"binary-expr","locations":[{"start":{"line":102,"column":45},"end":{"line":102,"column":79},"skip":true},{"start":{"line":102,"column":83},"end":{"line":111,"column":9},"skip":true}]},"11":{"line":113,"type":"binary-expr","locations":[{"start":{"line":113,"column":42},"end":{"line":113,"column":73},"skip":true},{"start":{"line":113,"column":77},"end":{"line":126,"column":9},"skip":true}]},"12":{"line":128,"type":"binary-expr","locations":[{"start":{"line":128,"column":48},"end":{"line":128,"column":85},"skip":true},{"start":{"line":129,"column":12},"end":{"line":135,"column":13},"skip":true}]},"13":{"line":137,"type":"binary-expr","locations":[{"start":{"line":137,"column":42},"end":{"line":137,"column":73},"skip":true},{"start":{"line":137,"column":77},"end":{"line":146,"column":9},"skip":true}]},"14":{"line":148,"type":"binary-expr","locations":[{"start":{"line":148,"column":45},"end":{"line":148,"column":79},"skip":true},{"start":{"line":148,"column":83},"end":{"line":157,"column":9},"skip":true}]},"15":{"line":159,"type":"binary-expr","locations":[{"start":{"line":159,"column":43},"end":{"line":159,"column":75},"skip":true},{"start":{"line":159,"column":79},"end":{"line":168,"column":9},"skip":true}]},"16":{"line":170,"type":"binary-expr","locations":[{"start":{"line":170,"column":41},"end":{"line":170,"column":71},"skip":true},{"start":{"line":170,"column":75},"end":{"line":179,"column":9},"skip":true}]}},"code":["/* istanbul instrument in package npmtest_ect */","/*jslint","    bitwise: true,","    browser: true,","    maxerr: 8,","    maxlen: 96,","    node: true,","    nomen: true,","    regexp: true,","    stupid: true","*/","(function () {","    'use strict';","    var local;","","","","    // run shared js-env code - pre-init","    (function () {","        // init local","        local = {};","        // init modeJs","        local.modeJs = (function () {","            try {","                return typeof navigator.userAgent === 'string' &&","                    typeof document.querySelector('body') === 'object' &&","                    typeof XMLHttpRequest.prototype.open === 'function' &&","                    'browser';","            } catch (errorCaughtBrowser) {","                return module.exports &&","                    typeof process.versions.node === 'string' &&","                    typeof require('http').createServer === 'function' &&","                    'node';","            }","        }());","        // init global","        local.global = local.modeJs === 'browser'","            ? window","            : global;","        switch (local.modeJs) {","        // re-init local from window.local","        case 'browser':","            local = local.global.utility2.objectSetDefault(","                local.global.utility2_rollup || local.global.local,","                local.global.utility2","            );","            break;","        // re-init local from example.js","        case 'node':","            local = (local.global.utility2_rollup || require('utility2'))","                .requireExampleJsFromReadme();","            break;","        }","        // export local","        local.global.local = local;","    }());","","","","    // run shared js-env code - function","    (function () {","        return;","    }());","    switch (local.modeJs) {","","","","    // run browser js-env code - function","    case 'browser':","        break;","","","","    // run node js-env code - function","    case 'node':","        break;","    }","","","","    // run shared js-env code - post-init","    (function () {","        return;","    }());","    switch (local.modeJs) {","","","","    // run browser js-env code - post-init","    case 'browser':","        // run tests","        local.nop(local.modeTest &&","            document.querySelector('#testRunButton1') &&","            document.querySelector('#testRunButton1').click());","        break;","","","","    // run node js-env code - post-init","    /* istanbul ignore next */","    case 'node':","        local.testCase_buildApidoc_default = local.testCase_buildApidoc_default || function (","            options,","            onError","        ) {","        /*","         * this function will test buildApidoc's default handling-behavior-behavior","         */","            options = { modulePathList: module.paths };","            local.buildApidoc(options, onError);","        };","","        local.testCase_buildApp_default = local.testCase_buildApp_default || function (","            options,","            onError","        ) {","        /*","         * this function will test buildApp's default handling-behavior-behavior","         */","            local.testCase_buildReadme_default(options, local.onErrorThrow);","            local.testCase_buildLib_default(options, local.onErrorThrow);","            local.testCase_buildTest_default(options, local.onErrorThrow);","            local.testCase_buildCustomOrg_default(options, local.onErrorThrow);","            options = [];","            local.buildApp(options, onError);","        };","","        local.testCase_buildCustomOrg_default = local.testCase_buildCustomOrg_default ||","            function (options, onError) {","            /*","             * this function will test buildCustomOrg's default handling-behavior","             */","                options = {};","                local.buildCustomOrg(options, onError);","            };","","        local.testCase_buildLib_default = local.testCase_buildLib_default || function (","            options,","            onError","        ) {","        /*","         * this function will test buildLib's default handling-behavior","         */","            options = {};","            local.buildLib(options, onError);","        };","","        local.testCase_buildReadme_default = local.testCase_buildReadme_default || function (","            options,","            onError","        ) {","        /*","         * this function will test buildReadme's default handling-behavior-behavior","         */","            options = {};","            local.buildReadme(options, onError);","        };","","        local.testCase_buildTest_default = local.testCase_buildTest_default || function (","            options,","            onError","        ) {","        /*","         * this function will test buildTest's default handling-behavior","         */","            options = {};","            local.buildTest(options, onError);","        };","","        local.testCase_webpage_default = local.testCase_webpage_default || function (","            options,","            onError","        ) {","        /*","         * this function will test webpage's default handling-behavior","         */","            options = { modeCoverageMerge: true, url: local.serverLocalHost + '?modeTest=1' };","            local.browserTest(options, onError);","        };","","        // run test-server","        local.testRunServer(local);","        break;","    }","}());",""],"l":{"12":2,"14":2,"19":2,"21":2,"23":2,"24":2,"25":2,"30":1,"37":2,"40":2,"43":1,"47":1,"50":1,"52":1,"55":2,"61":2,"62":2,"64":2,"70":1,"76":1,"82":2,"83":2,"85":2,"92":1,"95":1,"102":1,"109":1,"110":1,"113":1,"120":1,"121":1,"122":1,"123":1,"124":1,"125":1,"128":1,"133":2,"134":2,"137":1,"144":2,"145":2,"148":1,"155":2,"156":2,"159":1,"166":2,"167":2,"170":1,"177":1,"178":1,"182":1,"183":1}},"/home/travis/build/npmtest/node-npmtest-ect/lib.npmtest_ect.js":{"path":"/home/travis/build/npmtest/node-npmtest-ect/lib.npmtest_ect.js","s":{"1":2,"2":2,"3":2,"4":2,"5":2,"6":2,"7":2,"8":1,"9":2,"10":2,"11":2,"12":2,"13":1,"14":1,"15":1,"16":1},"b":{"1":[2,1,1,1],"2":[1,1,1,1],"3":[1,1],"4":[2,2],"5":[1,1]},"f":{"1":2,"2":2,"3":2},"fnMap":{"1":{"name":"(anonymous_1)","line":12,"loc":{"start":{"line":12,"column":1},"end":{"line":12,"column":13}}},"2":{"name":"(anonymous_2)","line":19,"loc":{"start":{"line":19,"column":5},"end":{"line":19,"column":17}}},"3":{"name":"(anonymous_3)","line":23,"loc":{"start":{"line":23,"column":24},"end":{"line":23,"column":36}}}},"statementMap":{"1":{"start":{"line":12,"column":0},"end":{"line":53,"column":5}},"2":{"start":{"line":14,"column":4},"end":{"line":14,"column":14}},"3":{"start":{"line":19,"column":4},"end":{"line":52,"column":9}},"4":{"start":{"line":21,"column":8},"end":{"line":21,"column":19}},"5":{"start":{"line":23,"column":8},"end":{"line":35,"column":13}},"6":{"start":{"line":24,"column":12},"end":{"line":34,"column":13}},"7":{"start":{"line":25,"column":16},"end":{"line":28,"column":30}},"8":{"start":{"line":30,"column":16},"end":{"line":33,"column":27}},"9":{"start":{"line":37,"column":8},"end":{"line":39,"column":21}},"10":{"start":{"line":41,"column":8},"end":{"line":41,"column":54}},"11":{"start":{"line":43,"column":8},"end":{"line":43,"column":48}},"12":{"start":{"line":45,"column":8},"end":{"line":51,"column":9}},"13":{"start":{"line":46,"column":12},"end":{"line":46,"column":54}},"14":{"start":{"line":48,"column":12},"end":{"line":48,"column":35}},"15":{"start":{"line":49,"column":12},"end":{"line":49,"column":49}},"16":{"start":{"line":50,"column":12},"end":{"line":50,"column":43}}},"branchMap":{"1":{"line":25,"type":"binary-expr","locations":[{"start":{"line":25,"column":23},"end":{"line":25,"column":62}},{"start":{"line":26,"column":20},"end":{"line":26,"column":70}},{"start":{"line":27,"column":20},"end":{"line":27,"column":71}},{"start":{"line":28,"column":20},"end":{"line":28,"column":29}}]},"2":{"line":30,"type":"binary-expr","locations":[{"start":{"line":30,"column":23},"end":{"line":30,"column":37}},{"start":{"line":31,"column":20},"end":{"line":31,"column":61}},{"start":{"line":32,"column":20},"end":{"line":32,"column":70}},{"start":{"line":33,"column":20},"end":{"line":33,"column":26}}]},"3":{"line":37,"type":"cond-expr","locations":[{"start":{"line":38,"column":14},"end":{"line":38,"column":20}},{"start":{"line":39,"column":14},"end":{"line":39,"column":20}}]},"4":{"line":41,"type":"binary-expr","locations":[{"start":{"line":41,"column":16},"end":{"line":41,"column":44}},{"start":{"line":41,"column":48},"end":{"line":41,"column":53}}]},"5":{"line":45,"type":"if","locations":[{"start":{"line":45,"column":8},"end":{"line":45,"column":8}},{"start":{"line":45,"column":8},"end":{"line":45,"column":8}}]}},"code":["/* istanbul instrument in package npmtest_ect */","/*jslint","    bitwise: true,","    browser: true,","    maxerr: 8,","    maxlen: 96,","    node: true,","    nomen: true,","    regexp: true,","    stupid: true","*/","(function () {","    'use strict';","    var local;","","","","    // run shared js-env code - pre-init","    (function () {","        // init local","        local = {};","        // init modeJs","        local.modeJs = (function () {","            try {","                return typeof navigator.userAgent === 'string' &&","                    typeof document.querySelector('body') === 'object' &&","                    typeof XMLHttpRequest.prototype.open === 'function' &&","                    'browser';","            } catch (errorCaughtBrowser) {","                return module.exports &&","                    typeof process.versions.node === 'string' &&","                    typeof require('http').createServer === 'function' &&","                    'node';","            }","        }());","        // init global","        local.global = local.modeJs === 'browser'","            ? window","            : global;","        // init utility2_rollup","        local = local.global.utility2_rollup || local;","        // init lib","        local.local = local.npmtest_ect = local;","        // init exports","        if (local.modeJs === 'browser') {","            local.global.utility2_npmtest_ect = local;","        } else {","            module.exports = local;","            module.exports.__dirname = __dirname;","            module.exports.module = module;","        }","    }());","}());",""],"l":{"12":2,"14":2,"19":2,"21":2,"23":2,"24":2,"25":2,"30":1,"37":2,"41":2,"43":2,"45":2,"46":1,"48":1,"49":1,"50":1}},"/home/travis/build/npmtest/node-npmtest-ect/example.js":{"path":"/home/travis/build/npmtest/node-npmtest-ect/example.js","s":{"1":2,"2":2,"3":2,"4":2,"5":2,"6":2,"7":2,"8":1,"9":2,"10":2,"11":2,"12":2,"13":1,"14":2,"15":2,"16":2,"17":2,"18":2,"19":0,"20":2,"21":1,"22":1,"23":1,"24":1,"25":1,"26":0,"27":0,"28":1,"29":1,"30":2,"31":0,"32":0,"33":0,"34":1,"35":2,"36":2,"37":2,"38":2,"39":2,"40":2,"41":0,"42":2,"43":2,"44":2,"45":1,"46":3,"47":1,"48":1,"49":1,"50":1,"51":1,"52":1,"53":1,"54":1,"55":1,"56":1,"57":0,"58":1,"59":6,"60":6,"61":1,"62":2,"63":0,"64":2,"65":1,"66":1,"67":0,"68":0,"69":0,"70":0,"71":0,"72":0,"73":0,"74":0,"75":0,"76":0,"77":0,"78":0,"79":0,"80":0,"81":0,"82":0,"83":0},"b":{"1":[2,1,1,1],"2":[1,1,1,1],"3":[1,1],"4":[2,2],"5":[1,1],"6":[1,1],"7":[2,0],"8":[2,1,1,1,1,1],"9":[0,2,0],"10":[1,1],"11":[2,1,1],"12":[1,0],"13":[0,2],"14":[2,0,0,0,0,0,0],"15":[0,2],"16":[2,0],"17":[1,1],"18":[0,1],"19":[1,2,0,2],"20":[1,0],"21":[1,1],"22":[0,0],"23":[0,0],"24":[0,0],"25":[0,0],"26":[0,0],"27":[0,0],"28":[0,0]},"f":{"1":2,"2":2,"3":2,"4":2,"5":2,"6":2,"7":2,"8":2,"9":3,"10":1,"11":6,"12":0},"fnMap":{"1":{"name":"(anonymous_1)","line":26,"loc":{"start":{"line":26,"column":1},"end":{"line":26,"column":13}}},"2":{"name":"(anonymous_2)","line":33,"loc":{"start":{"line":33,"column":5},"end":{"line":33,"column":17}}},"3":{"name":"(anonymous_3)","line":37,"loc":{"start":{"line":37,"column":24},"end":{"line":37,"column":36}}},"4":{"name":"(anonymous_4)","line":69,"loc":{"start":{"line":69,"column":31},"end":{"line":69,"column":48}},"skip":true},"5":{"name":"(anonymous_5)","line":78,"loc":{"start":{"line":78,"column":26},"end":{"line":78,"column":45}},"skip":true},"6":{"name":"(anonymous_6)","line":123,"loc":{"start":{"line":123,"column":33},"end":{"line":123,"column":48}},"skip":true},"7":{"name":"(anonymous_7)","line":125,"loc":{"start":{"line":125,"column":27},"end":{"line":125,"column":39}},"skip":true},"8":{"name":"(anonymous_8)","line":133,"loc":{"start":{"line":133,"column":59},"end":{"line":133,"column":74}},"skip":true},"9":{"name":"(anonymous_9)","line":143,"loc":{"start":{"line":143,"column":45},"end":{"line":143,"column":62}},"skip":true},"10":{"name":"(anonymous_10)","line":144,"loc":{"start":{"line":144,"column":73},"end":{"line":144,"column":92}},"skip":true},"11":{"name":"(anonymous_11)","line":272,"loc":{"start":{"line":272,"column":51},"end":{"line":272,"column":77}},"skip":true},"12":{"name":"(anonymous_12)","line":314,"loc":{"start":{"line":314,"column":32},"end":{"line":314,"column":61}},"skip":true}},"statementMap":{"1":{"start":{"line":26,"column":0},"end":{"line":325,"column":5}},"2":{"start":{"line":28,"column":4},"end":{"line":28,"column":14}},"3":{"start":{"line":33,"column":4},"end":{"line":60,"column":9}},"4":{"start":{"line":35,"column":8},"end":{"line":35,"column":19}},"5":{"start":{"line":37,"column":8},"end":{"line":49,"column":13}},"6":{"start":{"line":38,"column":12},"end":{"line":48,"column":13}},"7":{"start":{"line":39,"column":16},"end":{"line":42,"column":30}},"8":{"start":{"line":44,"column":16},"end":{"line":47,"column":27}},"9":{"start":{"line":51,"column":8},"end":{"line":53,"column":21}},"10":{"start":{"line":55,"column":8},"end":{"line":57,"column":45}},"11":{"start":{"line":59,"column":8},"end":{"line":59,"column":35}},"12":{"start":{"line":61,"column":4},"end":{"line":324,"column":5}},"13":{"start":{"line":69,"column":8},"end":{"line":121,"column":10},"skip":true},"14":{"start":{"line":70,"column":12},"end":{"line":88,"column":13},"skip":true},"15":{"start":{"line":76,"column":16},"end":{"line":87,"column":19},"skip":true},"16":{"start":{"line":79,"column":20},"end":{"line":86,"column":21},"skip":true},"17":{"start":{"line":82,"column":24},"end":{"line":82,"column":43},"skip":true},"18":{"start":{"line":83,"column":24},"end":{"line":83,"column":30},"skip":true},"19":{"start":{"line":85,"column":24},"end":{"line":85,"column":49},"skip":true},"20":{"start":{"line":89,"column":12},"end":{"line":107,"column":13},"skip":true},"21":{"start":{"line":92,"column":16},"end":{"line":102,"column":17},"skip":true},"22":{"start":{"line":93,"column":20},"end":{"line":93,"column":86},"skip":true},"23":{"start":{"line":94,"column":20},"end":{"line":95,"column":45},"skip":true},"24":{"start":{"line":96,"column":20},"end":{"line":96,"column":42},"skip":true},"25":{"start":{"line":97,"column":20},"end":{"line":97,"column":48},"skip":true},"26":{"start":{"line":100,"column":20},"end":{"line":100,"column":85},"skip":true},"27":{"start":{"line":101,"column":20},"end":{"line":101,"column":96},"skip":true},"28":{"start":{"line":103,"column":16},"end":{"line":103,"column":22},"skip":true},"29":{"start":{"line":106,"column":16},"end":{"line":106,"column":22},"skip":true},"30":{"start":{"line":108,"column":12},"end":{"line":120,"column":13},"skip":true},"31":{"start":{"line":114,"column":16},"end":{"line":119,"column":17},"skip":true},"32":{"start":{"line":116,"column":20},"end":{"line":116,"column":78},"skip":true},"33":{"start":{"line":118,"column":20},"end":{"line":118,"column":47},"skip":true},"34":{"start":{"line":123,"column":8},"end":{"line":141,"column":11},"skip":true},"35":{"start":{"line":124,"column":12},"end":{"line":124,"column":54},"skip":true},"36":{"start":{"line":125,"column":12},"end":{"line":140,"column":14},"skip":true},"37":{"start":{"line":126,"column":16},"end":{"line":126,"column":28},"skip":true},"38":{"start":{"line":127,"column":16},"end":{"line":127,"column":69},"skip":true},"39":{"start":{"line":128,"column":16},"end":{"line":128,"column":75},"skip":true},"40":{"start":{"line":129,"column":16},"end":{"line":131,"column":17},"skip":true},"41":{"start":{"line":130,"column":20},"end":{"line":130,"column":27},"skip":true},"42":{"start":{"line":133,"column":16},"end":{"line":137,"column":36},"skip":true},"43":{"start":{"line":134,"column":20},"end":{"line":136,"column":55},"skip":true},"44":{"start":{"line":139,"column":16},"end":{"line":139,"column":57},"skip":true},"45":{"start":{"line":143,"column":8},"end":{"line":147,"column":11},"skip":true},"46":{"start":{"line":144,"column":12},"end":{"line":146,"column":15},"skip":true},"47":{"start":{"line":145,"column":16},"end":{"line":145,"column":70},"skip":true},"48":{"start":{"line":149,"column":8},"end":{"line":149,"column":31},"skip":true},"49":{"start":{"line":150,"column":8},"end":{"line":150,"column":14},"skip":true},"50":{"start":{"line":158,"column":8},"end":{"line":158,"column":31},"skip":true},"51":{"start":{"line":160,"column":8},"end":{"line":160,"column":33},"skip":true},"52":{"start":{"line":161,"column":8},"end":{"line":161,"column":37},"skip":true},"53":{"start":{"line":162,"column":8},"end":{"line":162,"column":35},"skip":true},"54":{"start":{"line":164,"column":8},"end":{"line":164,"column":50},"skip":true},"55":{"start":{"line":166,"column":8},"end":{"line":256,"column":2},"skip":true},"56":{"start":{"line":258,"column":8},"end":{"line":286,"column":9},"skip":true},"57":{"start":{"line":259,"column":12},"end":{"line":269,"column":14},"skip":true},"58":{"start":{"line":271,"column":12},"end":{"line":285,"column":19},"skip":true},"59":{"start":{"line":274,"column":20},"end":{"line":274,"column":35},"skip":true},"60":{"start":{"line":275,"column":20},"end":{"line":284,"column":21},"skip":true},"61":{"start":{"line":277,"column":24},"end":{"line":277,"column":64},"skip":true},"62":{"start":{"line":279,"column":24},"end":{"line":279,"column":40},"skip":true},"63":{"start":{"line":281,"column":24},"end":{"line":281,"column":40},"skip":true},"64":{"start":{"line":283,"column":24},"end":{"line":283,"column":39},"skip":true},"65":{"start":{"line":288,"column":8},"end":{"line":290,"column":9},"skip":true},"66":{"start":{"line":289,"column":12},"end":{"line":289,"column":18},"skip":true},"67":{"start":{"line":291,"column":8},"end":{"line":293,"column":54},"skip":true},"68":{"start":{"line":294,"column":8},"end":{"line":301,"column":37},"skip":true},"69":{"start":{"line":302,"column":8},"end":{"line":302,"column":82},"skip":true},"70":{"start":{"line":305,"column":8},"end":{"line":307,"column":9},"skip":true},"71":{"start":{"line":306,"column":12},"end":{"line":306,"column":82},"skip":true},"72":{"start":{"line":309,"column":8},"end":{"line":311,"column":9},"skip":true},"73":{"start":{"line":310,"column":12},"end":{"line":310,"column":18},"skip":true},"74":{"start":{"line":312,"column":8},"end":{"line":312,"column":54},"skip":true},"75":{"start":{"line":313,"column":8},"end":{"line":313,"column":69},"skip":true},"76":{"start":{"line":314,"column":8},"end":{"line":322,"column":36},"skip":true},"77":{"start":{"line":315,"column":12},"end":{"line":315,"column":61},"skip":true},"78":{"start":{"line":316,"column":12},"end":{"line":319,"column":13},"skip":true},"79":{"start":{"line":317,"column":16},"end":{"line":317,"column":75},"skip":true},"80":{"start":{"line":318,"column":16},"end":{"line":318,"column":23},"skip":true},"81":{"start":{"line":320,"column":12},"end":{"line":320,"column":38},"skip":true},"82":{"start":{"line":321,"column":12},"end":{"line":321,"column":27},"skip":true},"83":{"start":{"line":323,"column":8},"end":{"line":323,"column":14},"skip":true}},"branchMap":{"1":{"line":39,"type":"binary-expr","locations":[{"start":{"line":39,"column":23},"end":{"line":39,"column":62}},{"start":{"line":40,"column":20},"end":{"line":40,"column":70}},{"start":{"line":41,"column":20},"end":{"line":41,"column":71}},{"start":{"line":42,"column":20},"end":{"line":42,"column":29}}]},"2":{"line":44,"type":"binary-expr","locations":[{"start":{"line":44,"column":23},"end":{"line":44,"column":37}},{"start":{"line":45,"column":20},"end":{"line":45,"column":61}},{"start":{"line":46,"column":20},"end":{"line":46,"column":70}},{"start":{"line":47,"column":20},"end":{"line":47,"column":26}}]},"3":{"line":51,"type":"cond-expr","locations":[{"start":{"line":52,"column":14},"end":{"line":52,"column":20}},{"start":{"line":53,"column":14},"end":{"line":53,"column":20}}]},"4":{"line":55,"type":"binary-expr","locations":[{"start":{"line":55,"column":16},"end":{"line":55,"column":44}},{"start":{"line":55,"column":49},"end":{"line":57,"column":43}}]},"5":{"line":55,"type":"cond-expr","locations":[{"start":{"line":56,"column":14},"end":{"line":56,"column":47}},{"start":{"line":57,"column":14},"end":{"line":57,"column":43}}]},"6":{"line":61,"type":"switch","locations":[{"start":{"line":68,"column":4},"end":{"line":150,"column":14},"skip":true},{"start":{"line":156,"column":4},"end":{"line":323,"column":14},"skip":true}]},"7":{"line":70,"type":"if","locations":[{"start":{"line":70,"column":12},"end":{"line":70,"column":12},"skip":true},{"start":{"line":70,"column":12},"end":{"line":70,"column":12},"skip":true}]},"8":{"line":70,"type":"binary-expr","locations":[{"start":{"line":70,"column":16},"end":{"line":70,"column":22},"skip":true},{"start":{"line":70,"column":27},"end":{"line":70,"column":32},"skip":true},{"start":{"line":71,"column":20},"end":{"line":71,"column":39},"skip":true},{"start":{"line":72,"column":20},"end":{"line":72,"column":49},"skip":true},{"start":{"line":73,"column":20},"end":{"line":73,"column":58},"skip":true},{"start":{"line":74,"column":20},"end":{"line":74,"column":69},"skip":true}]},"9":{"line":79,"type":"switch","locations":[{"start":{"line":80,"column":20},"end":{"line":80,"column":33},"skip":true},{"start":{"line":81,"column":20},"end":{"line":83,"column":30},"skip":true},{"start":{"line":84,"column":20},"end":{"line":85,"column":49},"skip":true}]},"10":{"line":89,"type":"switch","locations":[{"start":{"line":90,"column":12},"end":{"line":103,"column":22},"skip":true},{"start":{"line":105,"column":12},"end":{"line":106,"column":22},"skip":true}]},"11":{"line":89,"type":"binary-expr","locations":[{"start":{"line":89,"column":20},"end":{"line":89,"column":25},"skip":true},{"start":{"line":89,"column":29},"end":{"line":89,"column":48},"skip":true},{"start":{"line":89,"column":52},"end":{"line":89,"column":74},"skip":true}]},"12":{"line":92,"type":"if","locations":[{"start":{"line":92,"column":16},"end":{"line":92,"column":16},"skip":true},{"start":{"line":92,"column":16},"end":{"line":92,"column":16},"skip":true}]},"13":{"line":108,"type":"if","locations":[{"start":{"line":108,"column":12},"end":{"line":108,"column":12},"skip":true},{"start":{"line":108,"column":12},"end":{"line":108,"column":12},"skip":true}]},"14":{"line":108,"type":"binary-expr","locations":[{"start":{"line":108,"column":16},"end":{"line":108,"column":61},"skip":true},{"start":{"line":108,"column":66},"end":{"line":108,"column":72},"skip":true},{"start":{"line":108,"column":77},"end":{"line":108,"column":82},"skip":true},{"start":{"line":109,"column":20},"end":{"line":109,"column":39},"skip":true},{"start":{"line":110,"column":20},"end":{"line":110,"column":49},"skip":true},{"start":{"line":111,"column":20},"end":{"line":111,"column":58},"skip":true},{"start":{"line":112,"column":20},"end":{"line":112,"column":68},"skip":true}]},"15":{"line":129,"type":"if","locations":[{"start":{"line":129,"column":16},"end":{"line":129,"column":16},"skip":true},{"start":{"line":129,"column":16},"end":{"line":129,"column":16},"skip":true}]},"16":{"line":134,"type":"cond-expr","locations":[{"start":{"line":135,"column":26},"end":{"line":135,"column":29},"skip":true},{"start":{"line":136,"column":26},"end":{"line":136,"column":54},"skip":true}]},"17":{"line":164,"type":"binary-expr","locations":[{"start":{"line":164,"column":27},"end":{"line":164,"column":43},"skip":true},{"start":{"line":164,"column":47},"end":{"line":164,"column":49},"skip":true}]},"18":{"line":258,"type":"if","locations":[{"start":{"line":258,"column":8},"end":{"line":258,"column":8},"skip":true},{"start":{"line":258,"column":8},"end":{"line":258,"column":8},"skip":true}]},"19":{"line":275,"type":"switch","locations":[{"start":{"line":276,"column":20},"end":{"line":277,"column":64},"skip":true},{"start":{"line":278,"column":20},"end":{"line":279,"column":40},"skip":true},{"start":{"line":280,"column":20},"end":{"line":281,"column":40},"skip":true},{"start":{"line":282,"column":20},"end":{"line":283,"column":39},"skip":true}]},"20":{"line":288,"type":"if","locations":[{"start":{"line":288,"column":8},"end":{"line":288,"column":8},"skip":true},{"start":{"line":288,"column":8},"end":{"line":288,"column":8},"skip":true}]},"21":{"line":288,"type":"binary-expr","locations":[{"start":{"line":288,"column":12},"end":{"line":288,"column":40},"skip":true},{"start":{"line":288,"column":44},"end":{"line":288,"column":67},"skip":true}]},"22":{"line":292,"type":"binary-expr","locations":[{"start":{"line":292,"column":12},"end":{"line":292,"column":50},"skip":true},{"start":{"line":293,"column":12},"end":{"line":293,"column":53},"skip":true}]},"23":{"line":295,"type":"binary-expr","locations":[{"start":{"line":295,"column":12},"end":{"line":295,"column":61},"skip":true},{"start":{"line":296,"column":12},"end":{"line":301,"column":36},"skip":true}]},"24":{"line":302,"type":"binary-expr","locations":[{"start":{"line":302,"column":43},"end":{"line":302,"column":75},"skip":true},{"start":{"line":302,"column":79},"end":{"line":302,"column":81},"skip":true}]},"25":{"line":305,"type":"if","locations":[{"start":{"line":305,"column":8},"end":{"line":305,"column":8},"skip":true},{"start":{"line":305,"column":8},"end":{"line":305,"column":8},"skip":true}]},"26":{"line":309,"type":"if","locations":[{"start":{"line":309,"column":8},"end":{"line":309,"column":8},"skip":true},{"start":{"line":309,"column":8},"end":{"line":309,"column":8},"skip":true}]},"27":{"line":312,"type":"binary-expr","locations":[{"start":{"line":312,"column":27},"end":{"line":312,"column":43},"skip":true},{"start":{"line":312,"column":47},"end":{"line":312,"column":53},"skip":true}]},"28":{"line":316,"type":"if","locations":[{"start":{"line":316,"column":12},"end":{"line":316,"column":12},"skip":true},{"start":{"line":316,"column":12},"end":{"line":316,"column":12},"skip":true}]}},"code":["/*","example.js","","quickstart example","","instruction","    1. save this script as example.js","    2. run the shell command:","        $ npm install npmtest-ect && PORT=8081 node example.js","    3. play with the browser-demo on http://127.0.0.1:8081","*/","","","","/* istanbul instrument in package npmtest_ect */","/*jslint","    bitwise: true,","    browser: true,","    maxerr: 8,","    maxlen: 96,","    node: true,","    nomen: true,","    regexp: true,","    stupid: true","*/","(function () {","    'use strict';","    var local;","","","","    // run shared js-env code - pre-init","    (function () {","        // init local","        local = {};","        // init modeJs","        local.modeJs = (function () {","            try {","                return typeof navigator.userAgent === 'string' &&","                    typeof document.querySelector('body') === 'object' &&","                    typeof XMLHttpRequest.prototype.open === 'function' &&","                    'browser';","            } catch (errorCaughtBrowser) {","                return module.exports &&","                    typeof process.versions.node === 'string' &&","                    typeof require('http').createServer === 'function' &&","                    'node';","            }","        }());","        // init global","        local.global = local.modeJs === 'browser'","            ? window","            : global;","        // init utility2_rollup","        local = local.global.utility2_rollup || (local.modeJs === 'browser'","            ? local.global.utility2_npmtest_ect","            : global.utility2_moduleExports);","        // export local","        local.global.local = local;","    }());","    switch (local.modeJs) {","","","","    // post-init","    // run browser js-env code - post-init","    /* istanbul ignore next */","    case 'browser':","        local.testRunBrowser = function (event) {","            if (!event || (event &&","                    event.currentTarget &&","                    event.currentTarget.className &&","                    event.currentTarget.className.includes &&","                    event.currentTarget.className.includes('onreset'))) {","                // reset output","                Array.from(","                    document.querySelectorAll('body > .resettable')","                ).forEach(function (element) {","                    switch (element.tagName) {","                    case 'INPUT':","                    case 'TEXTAREA':","                        element.value = '';","                        break;","                    default:","                        element.textContent = '';","                    }","                });","            }","            switch (event && event.currentTarget && event.currentTarget.id) {","            case 'testRunButton1':","                // show tests","                if (document.querySelector('#testReportDiv1').style.display === 'none') {","                    document.querySelector('#testReportDiv1').style.display = 'block';","                    document.querySelector('#testRunButton1').textContent =","                        'hide internal test';","                    local.modeTest = true;","                    local.testRunDefault(local);","                // hide tests","                } else {","                    document.querySelector('#testReportDiv1').style.display = 'none';","                    document.querySelector('#testRunButton1').textContent = 'run internal test';","                }","                break;","            // custom-case","            default:","                break;","            }","            if (document.querySelector('#inputTextareaEval1') && (!event || (event &&","                    event.currentTarget &&","                    event.currentTarget.className &&","                    event.currentTarget.className.includes &&","                    event.currentTarget.className.includes('oneval')))) {","                // try to eval input-code","                try {","                    /*jslint evil: true*/","                    eval(document.querySelector('#inputTextareaEval1').value);","                } catch (errorCaught) {","                    console.error(errorCaught);","                }","            }","        };","        // log stderr and stdout to #outputTextareaStdout1","        ['error', 'log'].forEach(function (key) {","            console[key + '_original'] = console[key];","            console[key] = function () {","                var element;","                console[key + '_original'].apply(console, arguments);","                element = document.querySelector('#outputTextareaStdout1');","                if (!element) {","                    return;","                }","                // append text to #outputTextareaStdout1","                element.value += Array.from(arguments).map(function (arg) {","                    return typeof arg === 'string'","                        ? arg","                        : JSON.stringify(arg, null, 4);","                }).join(' ') + '\\n';","                // scroll textarea to bottom","                element.scrollTop = element.scrollHeight;","            };","        });","        // init event-handling","        ['change', 'click', 'keyup'].forEach(function (event) {","            Array.from(document.querySelectorAll('.on' + event)).forEach(function (element) {","                element.addEventListener(event, local.testRunBrowser);","            });","        });","        // run tests","        local.testRunBrowser();","        break;","","","","    // run node js-env code - post-init","    /* istanbul ignore next */","    case 'node':","        // export local","        module.exports = local;","        // require modules","        local.fs = require('fs');","        local.http = require('http');","        local.url = require('url');","        // init assets","        local.assetsDict = local.assetsDict || {};","        /* jslint-ignore-begin */","        local.assetsDict['/assets.index.template.html'] = '\\","<!doctype html>\\n\\","<html lang=\"en\">\\n\\","<head>\\n\\","<meta charset=\"UTF-8\">\\n\\","<meta name=\"viewport\" content=\"width=device-width, initial-scale=1\">\\n\\","<title>{{env.npm_package_name}} (v{{env.npm_package_version}})</title>\\n\\","<style>\\n\\","/*csslint\\n\\","    box-sizing: false,\\n\\","    universal-selector: false\\n\\","*/\\n\\","* {\\n\\","    box-sizing: border-box;\\n\\","}\\n\\","body {\\n\\","    background: #dde;\\n\\","    font-family: Arial, Helvetica, sans-serif;\\n\\","    margin: 2rem;\\n\\","}\\n\\","body > * {\\n\\","    margin-bottom: 1rem;\\n\\","}\\n\\",".utility2FooterDiv {\\n\\","    margin-top: 20px;\\n\\","    text-align: center;\\n\\","}\\n\\","</style>\\n\\","<style>\\n\\","/*csslint\\n\\","*/\\n\\","textarea {\\n\\","    font-family: monospace;\\n\\","    height: 10rem;\\n\\","    width: 100%;\\n\\","}\\n\\","textarea[readonly] {\\n\\","    background: #ddd;\\n\\","}\\n\\","</style>\\n\\","</head>\\n\\","<body>\\n\\","<!-- utility2-comment\\n\\","<div id=\"ajaxProgressDiv1\" style=\"background: #d00; height: 2px; left: 0; margin: 0; padding: 0; position: fixed; top: 0; transition: background 0.5s, width 1.5s; width: 25%;\"></div>\\n\\","utility2-comment -->\\n\\","<h1>\\n\\","<!-- utility2-comment\\n\\","    <a\\n\\","        {{#if env.npm_package_homepage}}\\n\\","        href=\"{{env.npm_package_homepage}}\"\\n\\","        {{/if env.npm_package_homepage}}\\n\\","        target=\"_blank\"\\n\\","    >\\n\\","utility2-comment -->\\n\\","        {{env.npm_package_name}} (v{{env.npm_package_version}})\\n\\","<!-- utility2-comment\\n\\","    </a>\\n\\","utility2-comment -->\\n\\","</h1>\\n\\","<h3>{{env.npm_package_description}}</h3>\\n\\","<!-- utility2-comment\\n\\","<h4><a download href=\"assets.app.js\">download standalone app</a></h4>\\n\\","<button class=\"onclick onreset\" id=\"testRunButton1\">run internal test</button><br>\\n\\","<div id=\"testReportDiv1\" style=\"display: none;\"></div>\\n\\","utility2-comment -->\\n\\","\\n\\","\\n\\","\\n\\","<label>stderr and stdout</label>\\n\\","<textarea class=\"resettable\" id=\"outputTextareaStdout1\" readonly></textarea>\\n\\","<!-- utility2-comment\\n\\","{{#if isRollup}}\\n\\","<script src=\"assets.app.js\"></script>\\n\\","{{#unless isRollup}}\\n\\","utility2-comment -->\\n\\","<script src=\"assets.utility2.rollup.js\"></script>\\n\\","<script src=\"jsonp.utility2._stateInit?callback=window.utility2._stateInit\"></script>\\n\\","<script src=\"assets.npmtest_ect.rollup.js\"></script>\\n\\","<script src=\"assets.example.js\"></script>\\n\\","<script src=\"assets.test.js\"></script>\\n\\","<!-- utility2-comment\\n\\","{{/if isRollup}}\\n\\","utility2-comment -->\\n\\","<div class=\"utility2FooterDiv\">\\n\\","    [ this app was created with\\n\\","    <a href=\"https://github.com/kaizhu256/node-utility2\" target=\"_blank\">utility2</a>\\n\\","    ]\\n\\","</div>\\n\\","</body>\\n\\","</html>\\n\\","';","        /* jslint-ignore-end */","        if (local.templateRender) {","            local.assetsDict['/'] = local.templateRender(","                local.assetsDict['/assets.index.template.html'],","                {","                    env: local.objectSetDefault(local.env, {","                        npm_package_description: 'the greatest app in the world!',","                        npm_package_name: 'my-app',","                        npm_package_nameAlias: 'my_app',","                        npm_package_version: '0.0.1'","                    })","                }","            );","        } else {","            local.assetsDict['/'] = local.assetsDict['/assets.index.template.html']","                .replace((/\\{\\{env\\.(\\w+?)\\}\\}/g), function (match0, match1) {","                    // jslint-hack","                    String(match0);","                    switch (match1) {","                    case 'npm_package_description':","                        return 'the greatest app in the world!';","                    case 'npm_package_name':","                        return 'my-app';","                    case 'npm_package_nameAlias':","                        return 'my_app';","                    case 'npm_package_version':","                        return '0.0.1';","                    }","                });","        }","        // run the cli","        if (local.global.utility2_rollup || module !== require.main) {","            break;","        }","        local.assetsDict['/assets.example.js'] =","            local.assetsDict['/assets.example.js'] ||","            local.fs.readFileSync(__filename, 'utf8');","        local.assetsDict['/assets.npmtest_ect.rollup.js'] =","            local.assetsDict['/assets.npmtest_ect.rollup.js'] ||","            local.fs.readFileSync(","                // buildCustomOrg-hack","                local.npmtest_ect.__dirname +","                    '/lib.npmtest_ect.js',","                'utf8'","            ).replace((/^#!/), '//');","        local.assetsDict['/favicon.ico'] = local.assetsDict['/favicon.ico'] || '';","        // if $npm_config_timeout_exit exists,","        // then exit this process after $npm_config_timeout_exit ms","        if (Number(process.env.npm_config_timeout_exit)) {","            setTimeout(process.exit, Number(process.env.npm_config_timeout_exit));","        }","        // start server","        if (local.global.utility2_serverHttp1) {","            break;","        }","        process.env.PORT = process.env.PORT || '8081';","        console.error('server starting on port ' + process.env.PORT);","        local.http.createServer(function (request, response) {","            request.urlParsed = local.url.parse(request.url);","            if (local.assetsDict[request.urlParsed.pathname] !== undefined) {","                response.end(local.assetsDict[request.urlParsed.pathname]);","                return;","            }","            response.statusCode = 404;","            response.end();","        }).listen(process.env.PORT);","        break;","    }","}());",""],"l":{"26":2,"28":2,"33":2,"35":2,"37":2,"38":2,"39":2,"44":1,"51":2,"55":2,"59":2,"61":2,"69":1,"70":2,"76":2,"79":2,"82":2,"83":2,"85":1,"89":2,"92":1,"93":1,"94":1,"96":1,"97":1,"100":1,"101":1,"103":1,"106":1,"108":2,"114":1,"116":1,"118":1,"123":1,"124":2,"125":2,"126":2,"127":2,"128":2,"129":2,"130":1,"133":2,"134":2,"139":2,"143":1,"144":3,"145":1,"149":1,"150":1,"158":1,"160":1,"161":1,"162":1,"164":1,"166":1,"258":1,"259":1,"271":1,"274":6,"275":6,"277":1,"279":2,"281":1,"283":2,"288":1,"289":1,"291":1,"294":1,"302":1,"305":1,"306":1,"309":1,"310":1,"312":1,"313":1,"314":1,"315":1,"316":1,"317":1,"318":1,"320":1,"321":1,"323":1}},"/home/travis/build/npmtest/node-npmtest-ect/node_modules/ect/index.js":{"path":"/home/travis/build/npmtest/node-npmtest-ect/node_modules/ect/index.js","s":{"1":1},"b":{},"f":{},"fnMap":{},"statementMap":{"1":{"start":{"line":1,"column":0},"end":{"line":1,"column":38}}},"branchMap":{},"code":["module.exports = require('./lib/ect');"],"l":{"1":1}},"/home/travis/build/npmtest/node-npmtest-ect/node_modules/ect/lib/ect.js":{"path":"/home/travis/build/npmtest/node-npmtest-ect/node_modules/ect/lib/ect.js","s":{"1":1,"2":1,"3":1,"4":1,"5":1,"6":0,"7":0,"8":0,"9":0,"10":0,"11":0,"12":0,"13":0,"14":0,"15":0,"16":0,"17":0,"18":0,"19":0,"20":0,"21":0,"22":0,"23":0,"24":0,"25":0,"26":0,"27":0,"28":0,"29":0,"30":0,"31":0,"32":0,"33":0,"34":0,"35":0,"36":0,"37":0,"38":0,"39":0,"40":0,"41":0,"42":0,"43":0,"44":0,"45":0,"46":0,"47":0,"48":0,"49":0,"50":0,"51":0,"52":0,"53":0,"54":0,"55":0,"56":0,"57":0,"58":0,"59":0,"60":0,"61":0,"62":0,"63":0,"64":0,"65":0,"66":0,"67":0,"68":0,"69":0,"70":0,"71":0,"72":0,"73":0,"74":0,"75":0,"76":0,"77":0,"78":0,"79":0,"80":0,"81":0,"82":0,"83":0,"84":0,"85":0,"86":0,"87":0,"88":0,"89":0,"90":0,"91":0,"92":0,"93":0,"94":0,"95":0,"96":0,"97":0,"98":0,"99":0,"100":0,"101":0,"102":0,"103":0,"104":0,"105":0,"106":0,"107":0,"108":0,"109":0,"110":0,"111":0,"112":0,"113":0,"114":0,"115":0,"116":0,"117":0,"118":0,"119":0,"120":0,"121":0,"122":0,"123":0,"124":0,"125":0,"126":0,"127":0,"128":0,"129":0,"130":0,"131":0,"132":0,"133":0,"134":0,"135":0,"136":0,"137":0,"138":0,"139":0,"140":0,"141":0,"142":0,"143":0,"144":0,"145":0,"146":0,"147":0,"148":0,"149":0,"150":0,"151":0,"152":0,"153":0,"154":0,"155":0,"156":0,"157":0,"158":0,"159":0,"160":0,"161":0,"162":0,"163":0,"164":0,"165":0,"166":0,"167":0,"168":0,"169":0,"170":0,"171":0,"172":0,"173":0,"174":0,"175":0,"176":0,"177":0,"178":0,"179":0,"180":0,"181":0,"182":0,"183":0,"184":0,"185":0,"186":0,"187":0,"188":0,"189":0,"190":0,"191":0,"192":0,"193":0,"194":0,"195":0,"196":0,"197":0,"198":0,"199":0,"200":0,"201":0,"202":0,"203":0,"204":0,"205":0,"206":0,"207":0,"208":0,"209":0,"210":0,"211":0,"212":0,"213":0,"214":0,"215":0,"216":0,"217":0,"218":0,"219":0,"220":0,"221":0,"222":0,"223":0,"224":0,"225":0,"226":0,"227":0,"228":0,"229":0,"230":0,"231":0,"232":0,"233":0,"234":0,"235":0,"236":0,"237":0,"238":0,"239":0,"240":0,"241":0,"242":0,"243":0,"244":0,"245":0,"246":0,"247":0,"248":0,"249":0,"250":0,"251":0,"252":0,"253":0,"254":0,"255":0,"256":0,"257":0,"258":0,"259":0,"260":0,"261":0,"262":0,"263":0,"264":0,"265":0,"266":0,"267":0,"268":0,"269":0,"270":0,"271":0,"272":0,"273":0,"274":0,"275":0,"276":0,"277":0,"278":0,"279":0,"280":0,"281":0,"282":0,"283":0,"284":0,"285":0,"286":0,"287":0,"288":0,"289":0,"290":0,"291":0,"292":0,"293":0,"294":1,"295":1,"296":1,"297":1,"298":0,"299":0,"300":0,"301":1,"302":1,"303":0,"304":0,"305":0,"306":0,"307":0,"308":0,"309":0,"310":0,"311":0,"312":0,"313":0,"314":0,"315":0,"316":0,"317":0,"318":0,"319":0,"320":0,"321":0,"322":0,"323":0,"324":0,"325":0,"326":0,"327":0,"328":0,"329":0,"330":0,"331":0,"332":0,"333":0,"334":0,"335":0,"336":0,"337":0,"338":0,"339":0,"340":0,"341":0,"342":0,"343":0,"344":0,"345":0,"346":0,"347":0,"348":0,"349":0,"350":0,"351":0,"352":0,"353":0,"354":0,"355":0,"356":0,"357":0,"358":0,"359":0,"360":0,"361":0,"362":0,"363":0,"364":0,"365":0,"366":0,"367":0,"368":0,"369":0,"370":0,"371":0,"372":0,"373":0,"374":0,"375":0,"376":0,"377":0,"378":0,"379":0,"380":0,"381":0,"382":0,"383":0,"384":0,"385":0,"386":0,"387":0,"388":0,"389":0,"390":0,"391":0,"392":0,"393":0,"394":0,"395":0,"396":0,"397":0,"398":0,"399":0,"400":0,"401":0,"402":0,"403":0,"404":0,"405":0,"406":0,"407":0,"408":0,"409":0,"410":0,"411":0,"412":0,"413":0,"414":0,"415":0,"416":0},"b":{"1":[0,0],"2":[0,0],"3":[0,0],"4":[0,0],"5":[0,0,0],"6":[0,0],"7":[0,0],"8":[0,0],"9":[0,0,0,0,0,0,0,0,0],"10":[0,0],"11":[0,0],"12":[0,0],"13":[0,0],"14":[0,0,0,0,0],"15":[0,0,0],"16":[0,0],"17":[0,0],"18":[0,0],"19":[0,0,0],"20":[0,0],"21":[0,0],"22":[0,0],"23":[0,0],"24":[0,0],"25":[0,0],"26":[0,0],"27":[0,0],"28":[0,0],"29":[0,0],"30":[0,0],"31":[0,0],"32":[0,0],"33":[0,0],"34":[0,0],"35":[0,0],"36":[0,0],"37":[0,0],"38":[0,0],"39":[0,0],"40":[0,0],"41":[0,0],"42":[0,0],"43":[0,0],"44":[0,0],"45":[0,0],"46":[0,0,0,0],"47":[0,0],"48":[0,0],"49":[0,0],"50":[0,0],"51":[0,0],"52":[0,0],"53":[0,0],"54":[0,0],"55":[0,0],"56":[0,0],"57":[0,0],"58":[0,0],"59":[0,0],"60":[0,0],"61":[0,0],"62":[0,0],"63":[0,0],"64":[0,0],"65":[0,0],"66":[0,0],"67":[0,0],"68":[0,0],"69":[0,0],"70":[0,0],"71":[1,0],"72":[1,1],"73":[0,1],"74":[1,0],"75":[0,0],"76":[0,0],"77":[0,0],"78":[0,0],"79":[0,0],"80":[0,0],"81":[0,0],"82":[0,0],"83":[0,0],"84":[0,0],"85":[0,0],"86":[0,0],"87":[0,0],"88":[0,0],"89":[0,0],"90":[0,0],"91":[0,0],"92":[0,0],"93":[0,0],"94":[0,0],"95":[0,0],"96":[0,0],"97":[0,0],"98":[0,0],"99":[0,0],"100":[0,0],"101":[0,0],"102":[0,0],"103":[0,0],"104":[0,0],"105":[0,0],"106":[0,0],"107":[0,0],"108":[0,0],"109":[0,0],"110":[0,0],"111":[0,0],"112":[0,0],"113":[0,0],"114":[0,0],"115":[0,0],"116":[0,0],"117":[0,0],"118":[0,0],"119":[0,0],"120":[0,0],"121":[0,0,0]},"f":{"1":1,"2":0,"3":0,"4":0,"5":0,"6":0,"7":0,"8":0,"9":0,"10":0,"11":0,"12":0,"13":0,"14":0,"15":0,"16":0,"17":0,"18":0,"19":0,"20":0,"21":0,"22":0,"23":0,"24":0,"25":0,"26":0,"27":0,"28":0,"29":0,"30":0,"31":0,"32":0,"33":0,"34":0,"35":0,"36":0,"37":0,"38":0},"fnMap":{"1":{"name":"(anonymous_1)","line":19,"loc":{"start":{"line":19,"column":1},"end":{"line":19,"column":13}}},"2":{"name":"(anonymous_2)","line":25,"loc":{"start":{"line":25,"column":11},"end":{"line":25,"column":30}}},"3":{"name":"(anonymous_3)","line":51,"loc":{"start":{"line":51,"column":18},"end":{"line":51,"column":33}}},"4":{"name":"(anonymous_4)","line":55,"loc":{"start":{"line":55,"column":10},"end":{"line":55,"column":26}}},"5":{"name":"(anonymous_5)","line":57,"loc":{"start":{"line":57,"column":39},"end":{"line":57,"column":70}}},"6":{"name":"(anonymous_6)","line":72,"loc":{"start":{"line":72,"column":13},"end":{"line":72,"column":33}}},"7":{"name":"(anonymous_7)","line":286,"loc":{"start":{"line":286,"column":24},"end":{"line":286,"column":40}}},"8":{"name":"(anonymous_8)","line":292,"loc":{"start":{"line":292,"column":37},"end":{"line":292,"column":53}}},"9":{"name":"(anonymous_9)","line":303,"loc":{"start":{"line":303,"column":36},"end":{"line":303,"column":52}}},"10":{"name":"(anonymous_10)","line":308,"loc":{"start":{"line":308,"column":38},"end":{"line":308,"column":55}}},"11":{"name":"(anonymous_11)","line":317,"loc":{"start":{"line":317,"column":35},"end":{"line":317,"column":55}}},"12":{"name":"(anonymous_12)","line":354,"loc":{"start":{"line":354,"column":61},"end":{"line":354,"column":73}}},"13":{"name":"(anonymous_13)","line":365,"loc":{"start":{"line":365,"column":37},"end":{"line":365,"column":63}}},"14":{"name":"(anonymous_14)","line":376,"loc":{"start":{"line":376,"column":5},"end":{"line":376,"column":16}}},"15":{"name":"(anonymous_15)","line":377,"loc":{"start":{"line":377,"column":5},"end":{"line":377,"column":16}}},"16":{"name":"(anonymous_16)","line":378,"loc":{"start":{"line":378,"column":5},"end":{"line":378,"column":16}}},"17":{"name":"(anonymous_17)","line":388,"loc":{"start":{"line":388,"column":19},"end":{"line":388,"column":38}}},"18":{"name":"(anonymous_18)","line":395,"loc":{"start":{"line":395,"column":17},"end":{"line":395,"column":37}}},"19":{"name":"(anonymous_19)","line":406,"loc":{"start":{"line":406,"column":16},"end":{"line":406,"column":52}}},"20":{"name":"(anonymous_20)","line":425,"loc":{"start":{"line":425,"column":20},"end":{"line":425,"column":40}}},"21":{"name":"(anonymous_21)","line":434,"loc":{"start":{"line":434,"column":19},"end":{"line":434,"column":38}}},"22":{"name":"(anonymous_22)","line":441,"loc":{"start":{"line":441,"column":11},"end":{"line":441,"column":37}}},"23":{"name":"(anonymous_23)","line":455,"loc":{"start":{"line":455,"column":37},"end":{"line":455,"column":60}}},"24":{"name":"(anonymous_24)","line":488,"loc":{"start":{"line":488,"column":36},"end":{"line":488,"column":50}}},"25":{"name":"filter","line":498,"loc":{"start":{"line":498,"column":28},"end":{"line":498,"column":57}}},"26":{"name":"reduce","line":512,"loc":{"start":{"line":512,"column":28},"end":{"line":512,"column":58}}},"27":{"name":"(anonymous_27)","line":541,"loc":{"start":{"line":541,"column":19},"end":{"line":541,"column":36}}},"28":{"name":"(anonymous_28)","line":547,"loc":{"start":{"line":547,"column":10},"end":{"line":547,"column":43}}},"29":{"name":"(anonymous_29)","line":570,"loc":{"start":{"line":570,"column":36},"end":{"line":570,"column":48}}},"30":{"name":"(anonymous_30)","line":602,"loc":{"start":{"line":602,"column":28},"end":{"line":602,"column":56}}},"31":{"name":"(anonymous_31)","line":610,"loc":{"start":{"line":610,"column":36},"end":{"line":610,"column":50}}},"32":{"name":"(anonymous_32)","line":619,"loc":{"start":{"line":619,"column":10},"end":{"line":619,"column":22}}},"33":{"name":"(anonymous_33)","line":621,"loc":{"start":{"line":621,"column":21},"end":{"line":621,"column":54}}},"34":{"name":"(anonymous_34)","line":644,"loc":{"start":{"line":644,"column":16},"end":{"line":644,"column":32}}},"35":{"name":"(anonymous_35)","line":648,"loc":{"start":{"line":648,"column":50},"end":{"line":648,"column":63}}},"36":{"name":"(anonymous_36)","line":665,"loc":{"start":{"line":665,"column":8},"end":{"line":665,"column":20}}},"37":{"name":"(anonymous_37)","line":667,"loc":{"start":{"line":667,"column":19},"end":{"line":667,"column":45}}},"38":{"name":"(anonymous_38)","line":686,"loc":{"start":{"line":686,"column":12},"end":{"line":686,"column":24}}}},"statementMap":{"1":{"start":{"line":19,"column":0},"end":{"line":695,"column":5}},"2":{"start":{"line":21,"column":1},"end":{"line":21,"column":8}},"3":{"start":{"line":22,"column":1},"end":{"line":22,"column":10}},"4":{"start":{"line":23,"column":1},"end":{"line":23,"column":18}},"5":{"start":{"line":25,"column":1},"end":{"line":481,"column":3}},"6":{"start":{"line":26,"column":2},"end":{"line":28,"column":3}},"7":{"start":{"line":27,"column":3},"end":{"line":27,"column":27}},"8":{"start":{"line":30,"column":2},"end":{"line":37,"column":4}},"9":{"start":{"line":39,"column":2},"end":{"line":284,"column":5}},"10":{"start":{"line":52,"column":4},"end":{"line":52,"column":70}},"11":{"start":{"line":56,"column":4},"end":{"line":69,"column":5}},"12":{"start":{"line":57,"column":5},"end":{"line":57,"column":121}},"13":{"start":{"line":57,"column":72},"end":{"line":57,"column":99}},"14":{"start":{"line":58,"column":5},"end":{"line":62,"column":6}},"15":{"start":{"line":59,"column":6},"end":{"line":59,"column":18}},"16":{"start":{"line":61,"column":6},"end":{"line":61,"column":58}},"17":{"start":{"line":64,"column":5},"end":{"line":68,"column":6}},"18":{"start":{"line":65,"column":6},"end":{"line":65,"column":43}},"19":{"start":{"line":67,"column":6},"end":{"line":67,"column":58}},"20":{"start":{"line":73,"column":4},"end":{"line":80,"column":115}},"21":{"start":{"line":82,"column":4},"end":{"line":279,"column":5}},"22":{"start":{"line":83,"column":5},"end":{"line":83,"column":23}},"23":{"start":{"line":84,"column":5},"end":{"line":84,"column":18}},"24":{"start":{"line":85,"column":5},"end":{"line":277,"column":6}},"25":{"start":{"line":86,"column":6},"end":{"line":86,"column":46}},"26":{"start":{"line":87,"column":6},"end":{"line":107,"column":7}},"27":{"start":{"line":89,"column":7},"end":{"line":89,"column":75}},"28":{"start":{"line":90,"column":7},"end":{"line":90,"column":26}},"29":{"start":{"line":91,"column":7},"end":{"line":91,"column":20}},"30":{"start":{"line":92,"column":7},"end":{"line":92,"column":29}},"31":{"start":{"line":93,"column":7},"end":{"line":93,"column":26}},"32":{"start":{"line":94,"column":7},"end":{"line":94,"column":13}},"33":{"start":{"line":96,"column":7},"end":{"line":96,"column":49}},"34":{"start":{"line":97,"column":7},"end":{"line":97,"column":34}},"35":{"start":{"line":98,"column":7},"end":{"line":98,"column":20}},"36":{"start":{"line":99,"column":7},"end":{"line":99,"column":29}},"37":{"start":{"line":100,"column":7},"end":{"line":100,"column":28}},"38":{"start":{"line":101,"column":7},"end":{"line":101,"column":13}},"39":{"start":{"line":103,"column":7},"end":{"line":103,"column":30}},"40":{"start":{"line":104,"column":7},"end":{"line":104,"column":67}},"41":{"start":{"line":105,"column":7},"end":{"line":105,"column":22}},"42":{"start":{"line":106,"column":7},"end":{"line":106,"column":23}},"43":{"start":{"line":108,"column":6},"end":{"line":108,"column":39}},"44":{"start":{"line":110,"column":6},"end":{"line":110,"column":41}},"45":{"start":{"line":111,"column":6},"end":{"line":126,"column":7}},"46":{"start":{"line":112,"column":7},"end":{"line":112,"column":58}},"47":{"start":{"line":113,"column":7},"end":{"line":122,"column":8}},"48":{"start":{"line":114,"column":8},"end":{"line":117,"column":9}},"49":{"start":{"line":115,"column":9},"end":{"line":115,"column":54}},"50":{"start":{"line":116,"column":9},"end":{"line":116,"column":30}},"51":{"start":{"line":118,"column":8},"end":{"line":118,"column":63}},"52":{"start":{"line":119,"column":8},"end":{"line":119,"column":29}},"53":{"start":{"line":120,"column":8},"end":{"line":120,"column":67}},"54":{"start":{"line":121,"column":8},"end":{"line":121,"column":29}},"55":{"start":{"line":123,"column":7},"end":{"line":123,"column":33}},"56":{"start":{"line":124,"column":7},"end":{"line":124,"column":28}},"57":{"start":{"line":125,"column":7},"end":{"line":125,"column":21}},"58":{"start":{"line":127,"column":6},"end":{"line":272,"column":7}},"59":{"start":{"line":129,"column":7},"end":{"line":132,"column":8}},"60":{"start":{"line":130,"column":8},"end":{"line":130,"column":49}},"61":{"start":{"line":131,"column":8},"end":{"line":131,"column":27}},"62":{"start":{"line":133,"column":7},"end":{"line":133,"column":121}},"63":{"start":{"line":134,"column":7},"end":{"line":134,"column":13}},"64":{"start":{"line":136,"column":7},"end":{"line":136,"column":119}},"65":{"start":{"line":137,"column":7},"end":{"line":137,"column":28}},"66":{"start":{"line":138,"column":7},"end":{"line":138,"column":23}},"67":{"start":{"line":139,"column":7},"end":{"line":139,"column":67}},"68":{"start":{"line":140,"column":7},"end":{"line":140,"column":27}},"69":{"start":{"line":141,"column":7},"end":{"line":141,"column":71}},"70":{"start":{"line":142,"column":7},"end":{"line":145,"column":8}},"71":{"start":{"line":143,"column":8},"end":{"line":143,"column":28}},"72":{"start":{"line":144,"column":8},"end":{"line":144,"column":23}},"73":{"start":{"line":146,"column":7},"end":{"line":146,"column":65}},"74":{"start":{"line":147,"column":7},"end":{"line":147,"column":13}},"75":{"start":{"line":149,"column":7},"end":{"line":152,"column":8}},"76":{"start":{"line":150,"column":8},"end":{"line":150,"column":49}},"77":{"start":{"line":151,"column":8},"end":{"line":151,"column":27}},"78":{"start":{"line":153,"column":7},"end":{"line":155,"column":8}},"79":{"start":{"line":154,"column":8},"end":{"line":154,"column":26}},"80":{"start":{"line":156,"column":7},"end":{"line":156,"column":121}},"81":{"start":{"line":157,"column":7},"end":{"line":157,"column":13}},"82":{"start":{"line":159,"column":7},"end":{"line":159,"column":21}},"83":{"start":{"line":160,"column":7},"end":{"line":208,"column":8}},"84":{"start":{"line":162,"column":8},"end":{"line":162,"column":26}},"85":{"start":{"line":163,"column":8},"end":{"line":163,"column":29}},"86":{"start":{"line":164,"column":8},"end":{"line":164,"column":22}},"87":{"start":{"line":165,"column":8},"end":{"line":165,"column":68}},"88":{"start":{"line":166,"column":8},"end":{"line":166,"column":65}},"89":{"start":{"line":167,"column":8},"end":{"line":167,"column":44}},"90":{"start":{"line":168,"column":8},"end":{"line":168,"column":66}},"91":{"start":{"line":169,"column":8},"end":{"line":169,"column":14}},"92":{"start":{"line":171,"column":8},"end":{"line":171,"column":70}},"93":{"start":{"line":172,"column":8},"end":{"line":172,"column":115}},"94":{"start":{"line":173,"column":8},"end":{"line":173,"column":44}},"95":{"start":{"line":174,"column":8},"end":{"line":174,"column":14}},"96":{"start":{"line":176,"column":8},"end":{"line":176,"column":58}},"97":{"start":{"line":177,"column":8},"end":{"line":177,"column":65}},"98":{"start":{"line":178,"column":8},"end":{"line":178,"column":44}},"99":{"start":{"line":179,"column":8},"end":{"line":179,"column":26}},"100":{"start":{"line":180,"column":8},"end":{"line":180,"column":29}},"101":{"start":{"line":181,"column":8},"end":{"line":181,"column":68}},"102":{"start":{"line":182,"column":8},"end":{"line":197,"column":9}},"103":{"start":{"line":184,"column":10},"end":{"line":184,"column":28}},"104":{"start":{"line":185,"column":10},"end":{"line":185,"column":31}},"105":{"start":{"line":186,"column":10},"end":{"line":186,"column":24}},"106":{"start":{"line":187,"column":10},"end":{"line":187,"column":16}},"107":{"start":{"line":189,"column":10},"end":{"line":189,"column":28}},"108":{"start":{"line":190,"column":10},"end":{"line":190,"column":31}},"109":{"start":{"line":191,"column":10},"end":{"line":191,"column":32}},"110":{"start":{"line":192,"column":10},"end":{"line":192,"column":16}},"111":{"start":{"line":194,"column":10},"end":{"line":194,"column":28}},"112":{"start":{"line":195,"column":10},"end":{"line":195,"column":31}},"113":{"start":{"line":196,"column":10},"end":{"line":196,"column":16}},"114":{"start":{"line":198,"column":8},"end":{"line":198,"column":66}},"115":{"start":{"line":199,"column":8},"end":{"line":199,"column":14}},"116":{"start":{"line":201,"column":8},"end":{"line":201,"column":29}},"117":{"start":{"line":203,"column":8},"end":{"line":205,"column":9}},"118":{"start":{"line":204,"column":9},"end":{"line":204,"column":22}},"119":{"start":{"line":206,"column":8},"end":{"line":206,"column":44}},"120":{"start":{"line":207,"column":8},"end":{"line":207,"column":115}},"121":{"start":{"line":209,"column":7},"end":{"line":209,"column":25}},"122":{"start":{"line":210,"column":7},"end":{"line":210,"column":28}},"123":{"start":{"line":211,"column":7},"end":{"line":211,"column":13}},"124":{"start":{"line":213,"column":7},"end":{"line":217,"column":8}},"125":{"start":{"line":214,"column":8},"end":{"line":214,"column":20}},"126":{"start":{"line":216,"column":8},"end":{"line":216,"column":22}},"127":{"start":{"line":218,"column":7},"end":{"line":218,"column":64}},"128":{"start":{"line":219,"column":7},"end":{"line":223,"column":8}},"129":{"start":{"line":220,"column":8},"end":{"line":220,"column":34}},"130":{"start":{"line":221,"column":8},"end":{"line":221,"column":29}},"131":{"start":{"line":222,"column":8},"end":{"line":222,"column":44}},"132":{"start":{"line":224,"column":7},"end":{"line":224,"column":70}},"133":{"start":{"line":225,"column":7},"end":{"line":228,"column":8}},"134":{"start":{"line":226,"column":8},"end":{"line":226,"column":28}},"135":{"start":{"line":227,"column":8},"end":{"line":227,"column":23}},"136":{"start":{"line":229,"column":7},"end":{"line":229,"column":65}},"137":{"start":{"line":230,"column":7},"end":{"line":230,"column":13}},"138":{"start":{"line":232,"column":7},"end":{"line":232,"column":119}},"139":{"start":{"line":233,"column":7},"end":{"line":236,"column":8}},"140":{"start":{"line":234,"column":8},"end":{"line":234,"column":28}},"141":{"start":{"line":235,"column":8},"end":{"line":235,"column":23}},"142":{"start":{"line":237,"column":7},"end":{"line":237,"column":13}},"143":{"start":{"line":239,"column":7},"end":{"line":239,"column":70}},"144":{"start":{"line":240,"column":7},"end":{"line":243,"column":8}},"145":{"start":{"line":241,"column":8},"end":{"line":241,"column":28}},"146":{"start":{"line":242,"column":8},"end":{"line":242,"column":23}},"147":{"start":{"line":244,"column":7},"end":{"line":244,"column":65}},"148":{"start":{"line":245,"column":7},"end":{"line":245,"column":13}},"149":{"start":{"line":247,"column":8},"end":{"line":247,"column":86}},"150":{"start":{"line":249,"column":7},"end":{"line":265,"column":8}},"151":{"start":{"line":250,"column":8},"end":{"line":250,"column":33}},"152":{"start":{"line":251,"column":8},"end":{"line":251,"column":65}},"153":{"start":{"line":252,"column":8},"end":{"line":260,"column":9}},"154":{"start":{"line":253,"column":9},"end":{"line":255,"column":10}},"155":{"start":{"line":254,"column":10},"end":{"line":254,"column":19}},"156":{"start":{"line":256,"column":9},"end":{"line":258,"column":10}},"157":{"start":{"line":257,"column":10},"end":{"line":257,"column":86}},"158":{"start":{"line":259,"column":9},"end":{"line":259,"column":100}},"159":{"start":{"line":261,"column":8},"end":{"line":261,"column":26}},"160":{"start":{"line":262,"column":8},"end":{"line":262,"column":31}},"161":{"start":{"line":264,"column":8},"end":{"line":264,"column":120}},"162":{"start":{"line":266,"column":7},"end":{"line":269,"column":8}},"163":{"start":{"line":267,"column":8},"end":{"line":267,"column":28}},"164":{"start":{"line":268,"column":8},"end":{"line":268,"column":23}},"165":{"start":{"line":270,"column":7},"end":{"line":270,"column":65}},"166":{"start":{"line":271,"column":7},"end":{"line":271,"column":13}},"167":{"start":{"line":274,"column":6},"end":{"line":276,"column":7}},"168":{"start":{"line":275,"column":7},"end":{"line":275,"column":114}},"169":{"start":{"line":278,"column":5},"end":{"line":278,"column":49}},"170":{"start":{"line":280,"column":4},"end":{"line":280,"column":355}},"171":{"start":{"line":281,"column":4},"end":{"line":281,"column":48}},"172":{"start":{"line":283,"column":4},"end":{"line":283,"column":165}},"173":{"start":{"line":286,"column":2},"end":{"line":290,"column":4}},"174":{"start":{"line":287,"column":3},"end":{"line":287,"column":20}},"175":{"start":{"line":288,"column":3},"end":{"line":288,"column":26}},"176":{"start":{"line":289,"column":3},"end":{"line":289,"column":26}},"177":{"start":{"line":292,"column":2},"end":{"line":301,"column":4}},"178":{"start":{"line":293,"column":3},"end":{"line":295,"column":4}},"179":{"start":{"line":294,"column":4},"end":{"line":294,"column":14}},"180":{"start":{"line":296,"column":3},"end":{"line":296,"column":32}},"181":{"start":{"line":297,"column":3},"end":{"line":299,"column":4}},"182":{"start":{"line":298,"column":4},"end":{"line":298,"column":18}},"183":{"start":{"line":300,"column":3},"end":{"line":300,"column":140}},"184":{"start":{"line":303,"column":2},"end":{"line":306,"column":4}},"185":{"start":{"line":304,"column":3},"end":{"line":304,"column":54}},"186":{"start":{"line":304,"column":29},"end":{"line":304,"column":52}},"187":{"start":{"line":305,"column":3},"end":{"line":305,"column":36}},"188":{"start":{"line":308,"column":2},"end":{"line":315,"column":4}},"189":{"start":{"line":309,"column":3},"end":{"line":314,"column":4}},"190":{"start":{"line":310,"column":4},"end":{"line":310,"column":43}},"191":{"start":{"line":310,"column":31},"end":{"line":310,"column":41}},"192":{"start":{"line":311,"column":4},"end":{"line":311,"column":30}},"193":{"start":{"line":313,"column":4},"end":{"line":313,"column":29}},"194":{"start":{"line":317,"column":2},"end":{"line":363,"column":4}},"195":{"start":{"line":318,"column":3},"end":{"line":318,"column":39}},"196":{"start":{"line":320,"column":3},"end":{"line":362,"column":4}},"197":{"start":{"line":321,"column":4},"end":{"line":321,"column":27}},"198":{"start":{"line":323,"column":4},"end":{"line":323,"column":65}},"199":{"start":{"line":324,"column":4},"end":{"line":332,"column":5}},"200":{"start":{"line":325,"column":5},"end":{"line":329,"column":6}},"201":{"start":{"line":326,"column":6},"end":{"line":326,"column":229}},"202":{"start":{"line":328,"column":6},"end":{"line":328,"column":166}},"203":{"start":{"line":331,"column":5},"end":{"line":331,"column":21}},"204":{"start":{"line":334,"column":4},"end":{"line":334,"column":22}},"205":{"start":{"line":335,"column":4},"end":{"line":349,"column":5}},"206":{"start":{"line":336,"column":5},"end":{"line":341,"column":6}},"207":{"start":{"line":337,"column":6},"end":{"line":337,"column":28}},"208":{"start":{"line":339,"column":6},"end":{"line":339,"column":44}},"209":{"start":{"line":340,"column":6},"end":{"line":340,"column":14}},"210":{"start":{"line":343,"column":5},"end":{"line":348,"column":6}},"211":{"start":{"line":344,"column":6},"end":{"line":344,"column":31}},"212":{"start":{"line":346,"column":6},"end":{"line":346,"column":72}},"213":{"start":{"line":347,"column":6},"end":{"line":347,"column":14}},"214":{"start":{"line":350,"column":4},"end":{"line":350,"column":149}},"215":{"start":{"line":351,"column":4},"end":{"line":360,"column":5}},"216":{"start":{"line":352,"column":5},"end":{"line":352,"column":33}},"217":{"start":{"line":353,"column":5},"end":{"line":359,"column":6}},"218":{"start":{"line":354,"column":6},"end":{"line":358,"column":9}},"219":{"start":{"line":355,"column":7},"end":{"line":355,"column":30}},"220":{"start":{"line":356,"column":7},"end":{"line":356,"column":31}},"221":{"start":{"line":357,"column":7},"end":{"line":357,"column":32}},"222":{"start":{"line":361,"column":4},"end":{"line":361,"column":21}},"223":{"start":{"line":365,"column":2},"end":{"line":386,"column":4}},"224":{"start":{"line":366,"column":3},"end":{"line":366,"column":19}},"225":{"start":{"line":368,"column":3},"end":{"line":368,"column":39}},"226":{"start":{"line":369,"column":3},"end":{"line":369,"column":54}},"227":{"start":{"line":371,"column":3},"end":{"line":385,"column":4}},"228":{"start":{"line":372,"column":4},"end":{"line":379,"column":6}},"229":{"start":{"line":376,"column":18},"end":{"line":376,"column":60}},"230":{"start":{"line":377,"column":18},"end":{"line":377,"column":61}},"231":{"start":{"line":378,"column":18},"end":{"line":378,"column":59}},"232":{"start":{"line":381,"column":4},"end":{"line":383,"column":5}},"233":{"start":{"line":382,"column":5},"end":{"line":382,"column":82}},"234":{"start":{"line":384,"column":4},"end":{"line":384,"column":12}},"235":{"start":{"line":388,"column":2},"end":{"line":393,"column":4}},"236":{"start":{"line":389,"column":3},"end":{"line":389,"column":27}},"237":{"start":{"line":390,"column":3},"end":{"line":392,"column":4}},"238":{"start":{"line":391,"column":4},"end":{"line":391,"column":43}},"239":{"start":{"line":395,"column":2},"end":{"line":404,"column":4}},"240":{"start":{"line":396,"column":3},"end":{"line":396,"column":16}},"241":{"start":{"line":397,"column":3},"end":{"line":403,"column":4}},"242":{"start":{"line":398,"column":4},"end":{"line":398,"column":33}},"243":{"start":{"line":399,"column":4},"end":{"line":399,"column":20}},"244":{"start":{"line":401,"column":4},"end":{"line":401,"column":54}},"245":{"start":{"line":402,"column":4},"end":{"line":402,"column":12}},"246":{"start":{"line":406,"column":2},"end":{"line":423,"column":4}},"247":{"start":{"line":407,"column":3},"end":{"line":407,"column":15}},"248":{"start":{"line":408,"column":3},"end":{"line":422,"column":4}},"249":{"start":{"line":409,"column":4},"end":{"line":412,"column":5}},"250":{"start":{"line":410,"column":5},"end":{"line":410,"column":21}},"251":{"start":{"line":411,"column":5},"end":{"line":411,"column":15}},"252":{"start":{"line":413,"column":4},"end":{"line":413,"column":40}},"253":{"start":{"line":414,"column":4},"end":{"line":418,"column":5}},"254":{"start":{"line":415,"column":5},"end":{"line":415,"column":51}},"255":{"start":{"line":417,"column":5},"end":{"line":417,"column":17}},"256":{"start":{"line":420,"column":4},"end":{"line":420,"column":40}},"257":{"start":{"line":421,"column":4},"end":{"line":421,"column":36}},"258":{"start":{"line":425,"column":2},"end":{"line":431,"column":4}},"259":{"start":{"line":426,"column":3},"end":{"line":430,"column":4}},"260":{"start":{"line":427,"column":4},"end":{"line":427,"column":29}},"261":{"start":{"line":429,"column":4},"end":{"line":429,"column":15}},"262":{"start":{"line":433,"column":2},"end":{"line":478,"column":3}},"263":{"start":{"line":434,"column":3},"end":{"line":477,"column":5}},"264":{"start":{"line":435,"column":4},"end":{"line":435,"column":31}},"265":{"start":{"line":436,"column":4},"end":{"line":436,"column":28}},"266":{"start":{"line":437,"column":4},"end":{"line":437,"column":39}},"267":{"start":{"line":438,"column":4},"end":{"line":438,"column":57}},"268":{"start":{"line":439,"column":4},"end":{"line":439,"column":57}},"269":{"start":{"line":440,"column":4},"end":{"line":440,"column":63}},"270":{"start":{"line":441,"column":4},"end":{"line":476,"column":5}},"271":{"start":{"line":442,"column":5},"end":{"line":444,"column":6}},"272":{"start":{"line":443,"column":6},"end":{"line":443,"column":20}},"273":{"start":{"line":445,"column":5},"end":{"line":475,"column":6}},"274":{"start":{"line":446,"column":6},"end":{"line":446,"column":50}},"275":{"start":{"line":447,"column":6},"end":{"line":472,"column":7}},"276":{"start":{"line":448,"column":7},"end":{"line":448,"column":43}},"277":{"start":{"line":449,"column":7},"end":{"line":449,"column":46}},"278":{"start":{"line":450,"column":7},"end":{"line":450,"column":80}},"279":{"start":{"line":451,"column":7},"end":{"line":451,"column":62}},"280":{"start":{"line":452,"column":7},"end":{"line":469,"column":8}},"281":{"start":{"line":453,"column":8},"end":{"line":453,"column":50}},"282":{"start":{"line":454,"column":8},"end":{"line":465,"column":9}},"283":{"start":{"line":455,"column":9},"end":{"line":462,"column":12}},"284":{"start":{"line":456,"column":10},"end":{"line":461,"column":11}},"285":{"start":{"line":457,"column":11},"end":{"line":457,"column":35}},"286":{"start":{"line":458,"column":11},"end":{"line":458,"column":35}},"287":{"start":{"line":460,"column":11},"end":{"line":460,"column":21}},"288":{"start":{"line":464,"column":9},"end":{"line":464,"column":33}},"289":{"start":{"line":467,"column":8},"end":{"line":467,"column":143}},"290":{"start":{"line":468,"column":8},"end":{"line":468,"column":34}},"291":{"start":{"line":471,"column":7},"end":{"line":471,"column":15}},"292":{"start":{"line":474,"column":6},"end":{"line":474,"column":13}},"293":{"start":{"line":480,"column":2},"end":{"line":480,"column":26}},"294":{"start":{"line":483,"column":1},"end":{"line":694,"column":2}},"295":{"start":{"line":484,"column":2},"end":{"line":484,"column":21}},"296":{"start":{"line":485,"column":2},"end":{"line":485,"column":25}},"297":{"start":{"line":487,"column":2},"end":{"line":495,"column":3}},"298":{"start":{"line":488,"column":3},"end":{"line":491,"column":6}},"299":{"start":{"line":489,"column":4},"end":{"line":489,"column":22}},"300":{"start":{"line":490,"column":4},"end":{"line":490,"column":15}},"301":{"start":{"line":493,"column":3},"end":{"line":493,"column":43}},"302":{"start":{"line":494,"column":3},"end":{"line":494,"column":24}},"303":{"start":{"line":497,"colum
[...]
\t\tbuffer += postfix.replace(newlineExp, '\\n' + indentation);","\t\t\t\t\t\t\tbreak;","\t\t\t\t\t\tcase 'switch' :","\t\t\t\t\t\t\tbuffer += prefix.replace(newlineExp, '\\n' + indentation) + (newline.length ? newline + indentation : '') + text;","\t\t\t\t\t\t\tif (indent) {","\t\t\t\t\t\t\t\tindentation += '  ';","\t\t\t\t\t\t\t\tindent = false;","\t\t\t\t\t\t\t}","\t\t\t\t\t\t\tbreak;","\t\t\t\t\t\tcase 'when' :","\t\t\t\t\t\t\tbuffer += (newline.length ? newline + indentation : '') + text;","\t\t\t\t\t\t\tif (indent) {","\t\t\t\t\t\t\t\tindentation += '  ';","\t\t\t\t\t\t\t\tindent = false;","\t\t\t\t\t\t\t}","\t\t\t\t\t\t\tbuffer += postfix.replace(newlineExp, '\\n' + indentation);","\t\t\t\t\t\t\tbreak;","\t\t\t\t\t\tcase 'extend' :","\t\t\t\t\t\t\t\ttext = '__ectExtended = true\\n__ectParent = ' + text.replace(/extend\\s+/, '');","\t\t\t\t\t\tdefault :","\t\t\t\t\t\t\tif (/\\n/.test(text)) {","\t\t\t\t\t\t\t\tlines = text.split(/\\n/);","\t\t\t\t\t\t\t\tbuffer += prefix.replace(newlineExp, '\\n' + indentation);","\t\t\t\t\t\t\t\tfor (j = 0; j < lines.length; j++) {","\t\t\t\t\t\t\t\t\tif (/^\\s*$/.test(lines[j])) {","\t\t\t\t\t\t\t\t\t\tcontinue;","\t\t\t\t\t\t\t\t\t}","\t\t\t\t\t\t\t\t\tif (typeof baseIndent === 'undefined') {","\t\t\t\t\t\t\t\t\t\tbaseIndent = new RegExp('^' + lines[j].substr(0, lines[j].search(/[^\\s]/)));","\t\t\t\t\t\t\t\t\t}","\t\t\t\t\t\t\t\t\tbuffer += (newline.length ? newline + indentation : '') + lines[j].replace(baseIndent, '');","\t\t\t\t\t\t\t\t}","\t\t\t\t\t\t\t\tlines = undefined;","\t\t\t\t\t\t\t\tbaseIndent = undefined;","\t\t\t\t\t\t\t} else {","\t\t\t\t\t\t\t\tbuffer += prefix.replace(newlineExp, '\\n' + indentation) + (newline.length ? newline + indentation : '') + text;","\t\t\t\t\t\t\t}","\t\t\t\t\t\t\tif (indent) {","\t\t\t\t\t\t\t\tindentation += '  ';","\t\t\t\t\t\t\t\tindent = false;","\t\t\t\t\t\t\t}","\t\t\t\t\t\t\tbuffer += postfix.replace(newlineExp, '\\n' + indentation);","\t\t\t\t\t\t\tbreak;","\t\t\t\t\t\t}","\t\t\t\t\t} else {","\t\t\t\t\t\tif (indentStack[indentStackPointer] !== 'switch') {","\t\t\t\t\t\t\tbuffer += text.replace(/[\\\\']/g, '\\\\$&').replace(/\\r/g, '').replace(newlineExp, '\\\\n').replace(/^\\\\n/, '');","\t\t\t\t\t\t}","\t\t\t\t\t}","\t\t\t\t\tlineNo += text.split(newlineExp).length - 1;","\t\t\t\t}","\t\t\t\tbuffer += '\\'\\nif not __ectExtended\\n  return __ectOutput\\nelse\\n  __ectContainer = __ectTemplateContext.load __ectParent\\n  __ectFileInfo.file = __ectContainer.file\\n  __ectFileInfo.line = 1\\n  __ectTemplateContext.childContent = __ectOutput\\n  return __ectContainer.compiled.call(this, __ectTemplateContext, __ectFileInfo, include, content, block)';","\t\t\t\tbuffer = '__ectExtended = false\\n' + buffer;","","\t\t\t\treturn eval('(function __ectTemplate(__ectTemplateContext, __ectFileInfo, include, content, block) {\\n' + CoffeeScript.compile(buffer, { bare : true }) + '});');","\t\t\t};","","\t\tvar TemplateContext = function (data) {","\t\t\tthis.blocks = {};","\t\t\tthis.data = data || {};","\t\t\tthis.childContent = '';","\t\t};","","\t\tTemplateContext.prototype.escape = function (text) {","\t\t\tif (text == null) {","\t\t\t\treturn '';","\t\t\t}","\t\t\tvar result = text.toString();","\t\t\tif (!escapeExp.test(result)) {","\t\t\t\treturn result;","\t\t\t}","\t\t\treturn result.replace(escapeAmpExp, '&#38;').replace(escapeLtExp, '&#60;').replace(escapeGtExp, '&#62;').replace(escapeQuotExp, '&#34;');","\t\t};","","\t\tTemplateContext.prototype.block = function (name) {","\t\t\tif (!this.blocks[name]) { this.blocks[name] = ''; }","\t\t\treturn !this.blocks[name].length;","\t\t};","","\t\tTemplateContext.prototype.content = function (block) {","\t\t\tif (block && block.length) {","\t\t\t\tif (!this.blocks[block]) { return ''; }","\t\t\t\treturn this.blocks[block];","\t\t\t} else {","\t\t\t\treturn this.childContent;","\t\t\t}","\t\t};","","\t\tTemplateContext.prototype.load = function (template) {","\t\t\tvar file, compiled, container, data;","","\t\t\tif (ect.options.cache && cache[template]) {","\t\t\t\treturn cache[template];","\t\t\t} else {","\t\t\t\tvar extExp = new RegExp(regExpEscape(ect.options.ext) + '$');","\t\t\t\tif (Object.prototype.toString.call(ect.options.root) === '[object String]') {","\t\t\t\t\tif (typeof process !== 'undefined' && process.platform === 'win32') {","\t\t\t\t\t\tfile = path.normalize((ect.options.root.length && template.charAt(0) !== '/' && template.charAt(0) !== '\\\\' && !/^[a-zA-Z]:/.test(template) ? (ect.options.root + '/') : '') + template.replace(extExp, '') + ect.options.ext);","\t\t\t\t\t} else {","\t\t\t\t\t\tfile = path.normalize((ect.options.root.length && template.charAt(0) !== '/' ? (ect.options.root + '/') : '') + template.replace(extExp, '') + ect.options.ext);","\t\t\t\t\t}","\t\t\t\t} else {","\t\t\t\t\tfile = template;","\t\t\t\t}","","\t\t\t\tdata = read(file);","\t\t\t\tif (data.substr(0, 24) === '(function __ectTemplate(') {","\t\t\t\t\ttry {","\t\t\t\t\t\tcompiled = eval(data);","\t\t\t\t\t} catch (e) {","\t\t\t\t\t\te.message = e.message + ' in ' + file;","\t\t\t\t\t\tthrow e;","\t\t\t\t\t}","\t\t\t\t} else {","\t\t\t\t\ttry {","\t\t\t\t\t\tcompiled = compile(data);","\t\t\t\t\t} catch (e) {","\t\t\t\t\t\te.message = e.message.replace(/ on line \\d+/, '') + ' in ' + file;","\t\t\t\t\t\tthrow e;","\t\t\t\t\t}","\t\t\t\t}","\t\t\t\tcontainer = { file : file, compiled : compiled, source : '(' + compiled.toString() + ');', lastModified: new Date().toUTCString(), gzip : null };","\t\t\t\tif (ect.options.cache) {","\t\t\t\t\tcache[template] = container;","\t\t\t\t\tif (ect.options.watch && typeof watchers[file] === 'undefined') {","\t\t\t\t\t\twatchers[file] = fs.watch(file, { persistent: false }, function () {","\t\t\t\t\t\t\twatchers[file].close();","\t\t\t\t\t\t\tdelete (watchers[file]);","\t\t\t\t\t\t\tdelete (cache[template]);","\t\t\t\t\t\t});","\t\t\t\t\t}","\t\t\t\t}","\t\t\t\treturn container;","\t\t\t}","\t\t};","","\t\tTemplateContext.prototype.render = function (template, data) {","\t\t\tvar that = this;","","\t\t\tvar container = this.load(template);","\t\t\tvar fileInfo = { file : container.file, line : 1 };","","\t\t\ttry {","\t\t\t\treturn container.compiled.call(","\t\t\t\t\tdata || this.data,","\t\t\t\t\tthis,","\t\t\t\t\tfileInfo,","\t\t\t\t\tfunction() { return that.render.apply(that, arguments); },","\t\t\t\t\tfunction() { return that.content.apply(that, arguments); },","\t\t\t\t\tfunction() { return that.block.apply(that, arguments); }","\t\t\t\t);","\t\t\t} catch (e) {","\t\t\t\tif (!/ in /.test(e.message)) {","\t\t\t\t\te.message = e.message + ' in ' + fileInfo.file + ' on line ' + fileInfo.line;","\t\t\t\t}","\t\t\t\tthrow e;","\t\t\t}","\t\t};","","\t\tthis.configure = function (options) {","\t\t\toptions = options || {};","\t\t\tfor (var option in options) {","\t\t\t\tthis.options[option] = options[option];","\t\t\t}","\t\t};","","\t\tthis.compile = function (template) {","\t\t\tvar compiled;","\t\t\ttry {","\t\t\t\tcompiled = compile(template);","\t\t\t\treturn compiled;","\t\t\t} catch (e) {","\t\t\t\te.message = e.message.replace(/ on line \\d+/, '');","\t\t\t\tthrow e;","\t\t\t}","\t\t};","","\t\tthis.render = function (template, data, callback) {","\t\t\tvar context;","\t\t\tif (typeof arguments[arguments.length - 1] === 'function') {","\t\t\t\tif (arguments.length === 2) {","\t\t\t\t\tcallback = data;","\t\t\t\t\tdata = {};","\t\t\t\t}","\t\t\t\tcontext = new TemplateContext(data);","\t\t\t\ttry {","\t\t\t\t\tcallback(undefined, context.render(template));","\t\t\t\t} catch (e) {","\t\t\t\t\tcallback(e);","\t\t\t\t}","\t\t\t} else {","\t\t\t\tcontext = new TemplateContext(data);","\t\t\t\treturn context.render(template);","\t\t\t}","\t\t};","","\t\tthis.clearCache = function (template) {","\t\t\tif (template) {","\t\t\t\tdelete (cache[template]);","\t\t\t} else {","\t\t\t\tcache = {};","\t\t\t}","\t\t};","","\t\tif (typeof module !== 'undefined' && module.exports) {","\t\t\tthis.compiler = function (options) {","\t\t\t\tvar zlib = require('zlib');","\t\t\t\toptions = options || {};","\t\t\t\toptions.root = options.root || '/';","\t\t\t\toptions.root = '/' + options.root.replace(/^\\//, '');","\t\t\t\toptions.root = options.root.replace(/\\/$/, '') + '/';","\t\t\t\tvar rootExp = new RegExp('^' + regExpEscape(options.root));","\t\t\t\treturn function (req, res, next) {","\t\t\t\t\tif (req.method !== 'GET' && req.method !== 'HEAD') {","\t\t\t\t\t\treturn next();","\t\t\t\t\t}","\t\t\t\t\tif (!options.root || req.url.substr(0, options.root.length) === options.root) {","\t\t\t\t\t\tvar template = req.url.replace(rootExp, '');","\t\t\t\t\t\ttry {","\t\t\t\t\t\t\tvar context = new TemplateContext();","\t\t\t\t\t\t\tvar container = context.load(template);","\t\t\t\t\t\t\tres.setHeader('Content-Type', 'application/x-javascript; charset=utf-8');","\t\t\t\t\t\t\tres.setHeader('Last-Modified', container.lastModified);","\t\t\t\t\t\t\tif (options.gzip) {","\t\t\t\t\t\t\t\tres.setHeader('Content-Encoding', 'gzip');","\t\t\t\t\t\t\t\tif (container.gzip === null) {","\t\t\t\t\t\t\t\t\tzlib.gzip(container.source, function (err, buffer) {","\t\t\t\t\t\t\t\t\t\tif (!err) {","\t\t\t\t\t\t\t\t\t\t\tcontainer.gzip = buffer;","\t\t\t\t\t\t\t\t\t\t\tres.end(container.gzip);","\t\t\t\t\t\t\t\t\t\t} else {","\t\t\t\t\t\t\t\t\t\t\tnext(err);","\t\t\t\t\t\t\t\t\t\t}","\t\t\t\t\t\t\t\t\t});","\t\t\t\t\t\t\t\t} else {","\t\t\t\t\t\t\t\t\tres.end(container.gzip);","\t\t\t\t\t\t\t\t}","\t\t\t\t\t\t\t} else {","\t\t\t\t\t\t\t\tres.setHeader('Content-Length', typeof Buffer !== 'undefined' ? Buffer.byteLength(container.source, 'utf8') : container.source.length);","\t\t\t\t\t\t\t\tres.end(container.source);","\t\t\t\t\t\t\t}","\t\t\t\t\t\t} catch (e) {","\t\t\t\t\t\t\tnext(e);","\t\t\t\t\t\t}","\t\t\t\t\t} else {","\t\t\t\t\t\tnext();","\t\t\t\t\t}","\t\t\t\t}","\t\t\t};","\t\t}","","\t\tthis.configure(options);","\t};","","\tif (typeof module !== 'undefined' && module.exports) {","\t\tfs = require('fs');","\t\tpath = require('path');","","\t\tif (typeof define === 'function' && define.amd) {","\t\t\tdefine('ect', ['coffee-script'], function (cs) {","\t\t\t\tCoffeeScript = cs;","\t\t\t\treturn ECT;","\t\t\t});","\t\t} else {","\t\t\tCoffeeScript = require('coffee-script');","\t\t\tmodule.exports = ECT;","\t\t}","\t} else {","\t\tif (!Array.prototype.filter) {","\t\t\tArray.prototype.filter = function filter (fun, thisp) {","\t\t\t\tvar len = this.length >> 0, res = [], i, val;","\t\t\t\tif (typeof fun !== 'function') { throw new TypeError(); }","\t\t\t\tfor (i = 0; i < len; i++) {","\t\t\t\t\tif (i in this) {","\t\t\t\t\t\tval = this[i];","\t\t\t\t\t\tif (fun.call(thisp, val, i, this)) { res.push(val); }","\t\t\t\t\t}","\t\t\t\t}","\t\t\t\treturn res;","\t\t\t};","\t\t}","","\t\tif (!Array.prototype.reduce) {","\t\t\tArray.prototype.reduce = function reduce (accumulator) {","\t\t\t\tif (this === null || this === undefined) {","\t\t\t\t\tthrow new TypeError('Object is null or undefined');","\t\t\t\t}","\t\t\t\tvar i = 0, len = this.length >> 0, curr;","\t\t\t\tif (typeof accumulator !== 'function') {","\t\t\t\t\tthrow new TypeError('First argument is not callable');","\t\t\t\t}","\t\t\t\tif (arguments.length < 2) {","\t\t\t\t\tif (len === 0) {","\t\t\t\t\t\tthrow new TypeError('Array length is 0 and no second argument');","\t\t\t\t\t}","\t\t\t\t\tcurr = this[0];","\t\t\t\t\ti = 1;","\t\t\t\t} else {","\t\t\t\t\tcurr = arguments[1];","\t\t\t\t}","\t\t\t\twhile (i < len) {","\t\t\t\t\tif (i in this) {","\t\t\t\t\t\tcurr = accumulator.call(undefined, curr, this[i], i, this);","\t\t\t\t\t}","\t\t\t\t\t++i;","\t\t\t\t}","\t\t\t\treturn curr;","\t\t\t};","\t\t}","","\t\tvar split;","","\t\tsplit = split || function (undef) {","","\t\t\tvar nativeSplit = String.prototype.split,","\t\t\t\tcompliantExecNpcg = /()??/.exec('')[1] === undef,","\t\t\t\tself;","","\t\t\tself = function (str, separator, limit) {","\t\t\t\tif (Object.prototype.toString.call(separator) !== '[object RegExp]') {","\t\t\t\t\treturn nativeSplit.call(str, separator, limit);","\t\t\t\t}","\t\t\t\tvar output = [],","\t\t\t\t\tflags = (separator.ignoreCase ? 'i' : '') +","\t\t\t\t\t(separator.multiline ? 'm' : '') +","\t\t\t\t\t(separator.extended ? 'x' : '') +","\t\t\t\t\t(separator.sticky ? 'y' : ''),","\t\t\t\t\tlastLastIndex = 0,","\t\t\t\t\tseparator = new RegExp(separator.source, flags + 'g'),","\t\t\t\t\tseparator2, match, lastIndex, lastLength;","\t\t\t\tstr += '';","\t\t\t\tif (!compliantExecNpcg) {","\t\t\t\t\tseparator2 = new RegExp(\"^\" + separator.source + \"$(?!\\\\s)\", flags);","\t\t\t\t}","\t\t\t\tlimit = limit === undef ? -1 >>> 0 :","\t\t\t\tlimit >>> 0;","\t\t\t\twhile (match = separator.exec(str)) {","\t\t\t\t\tlastIndex = match.index + match[0].length;","\t\t\t\t\tif (lastIndex > lastLastIndex) {","\t\t\t\t\t\toutput.push(str.slice(lastLastIndex, match.index));","\t\t\t\t\t\tif (!compliantExecNpcg && match.length > 1) {","\t\t\t\t\t\t\tmatch[0].replace(separator2, function () {","\t\t\t\t\t\t\t\tfor (var i = 1; i < arguments.length - 2; i++) {","\t\t\t\t\t\t\t\t\tif (arguments[i] === undef) {","\t\t\t\t\t\t\t\t\t\tmatch[i] = undef;","\t\t\t\t\t\t\t\t\t}","\t\t\t\t\t\t\t\t}","\t\t\t\t\t\t\t});","\t\t\t\t\t\t}","\t\t\t\t\t\tif (match.length > 1 && match.index < str.length) {","\t\t\t\t\t\t\tArray.prototype.push.apply(output, match.slice(1));","\t\t\t\t\t\t}","\t\t\t\t\t\tlastLength = match[0].length;","\t\t\t\t\t\tlastLastIndex = lastIndex;","\t\t\t\t\t\tif (output.length >= limit) {","\t\t\t\t\t\t\tbreak;","\t\t\t\t\t\t}","\t\t\t\t\t}","\t\t\t\t\tif (separator.lastIndex === match.index) {","\t\t\t\t\t\tseparator.lastIndex++;","\t\t\t\t\t}","\t\t\t\t}","\t\t\t\tif (lastLastIndex === str.length) {","\t\t\t\t\tif (lastLength || !separator.test('')) {","\t\t\t\t\t\toutput.push('');","\t\t\t\t\t}","\t\t\t\t}","\t\t\t\telse {","\t\t\t\t\toutput.push(str.slice(lastLastIndex));","\t\t\t\t}","\t\t\t\treturn output.length > limit ? output.slice(0, limit) : output;","\t\t\t};","","\t\t\tString.prototype.split = function (separator, limit) {","\t\t\t\treturn self(this, separator, limit);","\t\t\t};","","\t\t\treturn self;","\t\t}();","","\t\tif (typeof define === 'function' && define.amd ) {","\t\t\tdefine('ect', ['coffee-script'], function (cs) {","\t\t\t\tCoffeeScript = cs;","\t\t\t\treturn ECT;","\t\t\t});","\t\t} else {","\t\t\tCoffeeScript = window.CoffeeScript;","\t\t\twindow.ECT = ECT;","\t\t}","","\t\tpath = (function () {","\t\t\tvar","\t\t\t\tnormalizeArray = function (parts, allowAboveRoot) {","\t\t\t\t\tvar up = 0, i, last;","\t\t\t\t\tfor (i = parts.length - 1; i >= 0; i--) {","\t\t\t\t\t\tlast = parts[i];","\t\t\t\t\t\tif (last === '.') {","\t\t\t\t\t\t\tparts.splice(i, 1);","\t\t\t\t\t\t} else if (last === '..') {","\t\t\t\t\t\t\tparts.splice(i, 1);","\t\t\t\t\t\t\tup++;","\t\t\t\t\t\t} else if (up) {","\t\t\t\t\t\t\tparts.splice(i, 1);","\t\t\t\t\t\t\tup--;","\t\t\t\t\t\t}","\t\t\t\t\t}","\t\t\t\t\tif (allowAboveRoot) {","\t\t\t\t\t\twhile (up) {","\t\t\t\t\t\t\tparts.unshift('..');","\t\t\t\t\t\t\tup--;","\t\t\t\t\t\t}","\t\t\t\t\t}","\t\t\t\t\treturn parts;","\t\t\t\t},","","\t\t\t\tnormalize = function (path) {","\t\t\t\t\tvar","\t\t\t\t\t\tisAbsolute = path.charAt(0) === '/',","\t\t\t\t\t\ttrailingSlash = path.slice(-1) === '/';","\t\t\t\t\tpath = normalizeArray(path.split('/').filter(function (p) {","\t\t\t\t\t\treturn !!p;","\t\t\t\t\t}), !isAbsolute).join('/');","\t\t\t\t\tif (!path && !isAbsolute) {","\t\t\t\t\t\tpath = '.';","\t\t\t\t\t}","\t\t\t\t\tif (path && trailingSlash) {","\t\t\t\t\t\tpath += '/';","\t\t\t\t\t}","\t\t\t\t\treturn (isAbsolute ? '/' : '') + path;","\t\t\t\t};","","\t\t\treturn {","\t\t\t\tnormalize: normalize","\t\t\t};","\t\t}());","","\t\tfs = (function () {","\t\t\tvar","\t\t\t\treadFileSync = function (file, encoding) {","\t\t\t\t\tvar AJAX;","\t\t\t\t\tif (window.XMLHttpRequest) {","\t\t\t\t\t\tAJAX = new XMLHttpRequest();","\t\t\t\t\t\tif (AJAX.overrideMimeType) { AJAX.overrideMimeType('text/html'); }","\t\t\t\t\t} else {","\t\t\t\t\t\tAJAX = new ActiveXObject('Microsoft.XMLHTTP');","\t\t\t\t\t}","\t\t\t\t\tif (AJAX) {","\t\t\t\t\t\tAJAX.open('GET', file, false);","\t\t\t\t\t\tAJAX.send(null);","\t\t\t\t\t\tif (AJAX.status !== 0 && (AJAX.status < 200 || AJAX.status > 399)) {","\t\t\t\t\t\t\tthrow new Error ('Failed to load template ' + file);","\t\t\t\t\t\t}","\t\t\t\t\t\treturn AJAX.responseText;","\t\t\t\t\t} else {","\t\t\t\t\t\tthrow new Error ('Failed to load template ' + file);","\t\t\t\t\t}","\t\t\t\t},","\t\t\t\twatch = function () {};","","\t\t\treturn {","\t\t\t\treadFileSync: readFileSync,","\t\t\t\twatch: watch","\t\t\t};","\t\t}());","","\t}","}());"],"l":{"19":1,"21":1,"22":1,"23":1,"25":1,"26":0,"27":0,"30":0,"39":0,"52":0,"56":0,"57":0,"58":0,"59":0,"61":0,"64":0,"65":0,"67":0,"73":0,"82":0,"83":0,"84":0,"85":0,"86":0,"87":0,"89":0,"90":0,"91":0,"92":0,"93":0,"94":0,"96":0,"97":0,"98":0,"99":0,"100":0,"101":0,"103":0,"104":0,"105":0,"106":0,"108":0,"110":0,"111":0,"112":0,"113":0,"114":0,"115":0,"116":0,"118":0,"119":0,"120":0,"121":0,"123":0,"124":0,"125":0,"127":0,"129":0,"130":0,"131":0,"133":0,"134":0,"136":0,"137":0,"138":0,"139":0,"140":0,"141":0,"142":0,"143":0,"144":0,"146":0,"147":0,"149":0,"150":0,"151":0,"153":0,"154":0,"156":0,"157":0,"159":0,"160":0,"162":0,"163":0,"164":0,"165":0,"166":0,"167":0,"168":0,"169":0,"171":0,"172":0,"173":0,"174":0,"176":0,"177":0,"178":0,"179":0,"180":0,"181":0,"182":0,"184":0,"185":0,"186":0,"187":0,"189":0,"190":0,"191":0,"192":0,"194":0,"195":0,"196":0,"198":0,"199":0,"201":0,"203":0,"204":0,"206":0,"207":0,"209":0,"210":0,"211":0,"213":0,"214":0,"216":0,"218":0,"219":0,"220":0,"221":0,"222":0,"224":0,"225":0,"226":0,"227":0,"229":0,"230":0,"232":0,"233":0,"234":0,"235":0,"237":0,"239":0,"240":0,"241":0,"242":0,"244":0,"245":0,"247":0,"249":0,"250":0,"251":0,"252":0,"253":0,"254":0,"256":0,"257":0,"259":0,"261":0,"262":0,"264":0,"266":0,"267":0,"268":0,"270":0,"271":0,"274":0,"275":0,"278":0,"280":0,"281":0,"283":0,"286":0,"287":0,"288":0,"289":0,"292":0,"293":0,"294":0,"296":0,"297":0,"298":0,"300":0,"303":0,"304":0,"305":0,"308":0,"309":0,"310":0,"311":0,"313":0,"317":0,"318":0,"320":0,"321":0,"323":0,"324":0,"325":0,"326":0,"328":0,"331":0,"334":0,"335":0,"336":0,"337":0,"339":0,"340":0,"343":0,"344":0,"346":0,"347":0,"350":0,"351":0,"352":0,"353":0,"354":0,"355":0,"356":0,"357":0,"361":0,"365":0,"366":0,"368":0,"369":0,"371":0,"372":0,"376":0,"377":0,"378":0,"381":0,"382":0,"384":0,"388":0,"389":0,"390":0,"391":0,"395":0,"396":0,"397":0,"398":0,"399":0,"401":0,"402":0,"406":0,"407":0,"408":0,"409":0,"410":0,"411":0,"413":0,"414":0,"415":0,"417":0,"420":0,"421":0,"425":0,"426":0,"427":0,"429":0,"433":0,"434":0,"435":0,"436":0,"437":0,"438":0,"439":0,"440":0,"441":0,"442":0,"443":0,"445":0,"446":0,"447":0,"448":0,"449":0,"450":0,"451":0,"452":0,"453":0,"454":0,"455":0,"456":0,"457":0,"458":0,"460":0,"464":0,"467":0,"468":0,"471":0,"474":0,"480":0,"483":1,"484":1,"485":1,"487":1,"488":0,"489":0,"490":0,"493":1,"494":1,"497":0,"498":0,"499":0,"500":0,"501":0,"502":0,"503":0,"504":0,"507":0,"511":0,"512":0,"513":0,"514":0,"516":0,"517":0,"518":0,"520":0,"521":0,"522":0,"524":0,"525":0,"527":0,"529":0,"530":0,"531":0,"533":0,"535":0,"539":0,"541":0,"543":0,"547":0,"548":0,"549":0,"551":0,"559":0,"560":0,"561":0,"563":0,"565":0,"566":0,"567":0,"568":0,"569":0,"570":0,"571":0,"572":0,"573":0,"578":0,"579":0,"581":0,"582":0,"583":0,"584":0,"587":0,"588":0,"591":0,"592":0,"593":0,"597":0,"599":0,"602":0,"603":0,"606":0,"609":0,"610":0,"611":0,"612":0,"615":0,"616":0,"619":0,"620":0,"622":0,"623":0,"624":0,"625":0,"626":0,"627":0,"628":0,"629":0,"630":0,"631":0,"632":0,"635":0,"636":0,"637":0,"638":0,"641":0,"645":0,"648":0,"649":0,"651":0,"652":0,"654":0,"655":0,"657":0,"660":0,"665":0,"666":0,"668":0,"669":0,"670":0,"671":0,"673":0,"675":0,"676":0,"677":0,"678":0,"679":0,"681":0,"683":0,"688":0}}}